2024-06-07 13:11:30,194 - main - INFO - Automatically deleted image file: temp_images/test_43380107062024.webp
2024-06-07 13:11:30,195 - main - INFO - Automatically deleted image file: temp_images/Screenshot from 2024-05-29 11-08-25_53320107062024.webp
2024-06-07 13:11:30,195 - main - INFO - Automatically deleted image file: temp_images/test_00370107062024.bmp
2024-06-07 13:11:30,196 - main - INFO - Automatically deleted image file: temp_images/test_00370107062024.ppm
2024-06-07 13:11:30,196 - main - INFO - Automatically deleted image file: temp_images/test_00370107062024.sgi
2024-06-07 13:11:30,196 - main - INFO - Automatically deleted image file: temp_images/test_00370107062024.tiff
2024-06-07 13:11:30,196 - main - INFO - Automatically deleted image file: temp_images/test_00370107062024.webp
2024-06-07 13:11:30,196 - main - INFO - Automatically deleted image file: temp_images/test_00390107062024.jpeg
2024-06-07 13:11:30,197 - main - INFO - Automatically deleted image file: temp_images/test_00390107062024.pcx
2024-06-07 13:11:30,197 - main - INFO - Automatically deleted image file: temp_images/test_00390107062024.png
2024-06-07 13:11:30,197 - main - INFO - Automatically deleted image file: temp_images/test_00410107062024.png
2024-06-07 13:11:30,197 - main - INFO - Automatically deleted image file: temp_images/test_00460107062024.bmp
2024-06-07 13:11:30,198 - main - INFO - Automatically deleted image file: temp_images/test_00460107062024.gif
2024-06-07 13:11:30,198 - main - INFO - Automatically deleted image file: temp_images/test_00460107062024.ico
2024-06-07 13:11:30,198 - main - INFO - Automatically deleted image file: temp_images/test_00460107062024.jpeg
2024-06-07 13:11:30,198 - main - INFO - Automatically deleted image file: temp_images/test_00460107062024.pcx
2024-06-07 13:11:30,198 - main - INFO - Automatically deleted image file: temp_images/test_58360107062024.png
2024-06-07 13:11:30,199 - main - INFO - Automatically deleted image file: temp_images/test_58360107062024.ppm
2024-06-07 13:11:30,199 - main - INFO - Automatically deleted image file: temp_images/test_58360107062024.sgi
2024-06-07 13:11:30,199 - main - INFO - Automatically deleted image file: temp_images/test_58360107062024.tiff
2024-06-07 13:11:30,199 - main - INFO - Automatically deleted image file: temp_images/test_58360107062024.webp
2024-06-07 13:11:30,200 - main - INFO - Automatically deleted image file: temp_images/test_58380107062024.gif
2024-06-07 13:11:30,200 - main - INFO - Automatically deleted image file: temp_images/test_58380107062024.jpeg
2024-06-07 13:11:30,200 - main - INFO - Automatically deleted image file: temp_images/test_58380107062024.pcx
2024-06-07 13:11:30,200 - main - INFO - Automatically deleted image file: temp_images/test_58380107062024.png
2024-06-07 13:11:30,200 - main - INFO - Automatically deleted image file: temp_images/test_58380107062024.ppm
2024-06-07 13:11:30,200 - main - INFO - Automatically deleted image file: temp_images/test_58380107062024.sgi
2024-06-07 13:11:30,201 - main - INFO - Automatically deleted image file: temp_images/test_58400107062024.bmp
2024-06-07 13:11:30,201 - main - INFO - Automatically deleted image file: temp_images/test_58400107062024.gif
2024-06-07 13:11:30,201 - main - INFO - Automatically deleted image file: temp_images/test_58400107062024.jpeg
2024-06-07 13:11:30,201 - main - INFO - Automatically deleted image file: temp_images/test_58400107062024.pcx
2024-06-07 13:11:30,202 - main - INFO - Automatically deleted image file: temp_images/test_04370107062024.gif
2024-06-07 13:11:30,202 - main - INFO - Automatically deleted image file: temp_images/test_04370107062024.jpeg
2024-06-07 13:11:30,202 - main - INFO - Automatically deleted image file: temp_images/test_04370107062024.pcx
2024-06-07 13:11:30,202 - main - INFO - Automatically deleted image file: temp_images/test_04370107062024.ppm
2024-06-07 13:11:30,202 - main - INFO - Automatically deleted image file: temp_images/test_04370107062024.sgi
2024-06-07 13:11:30,203 - main - INFO - Automatically deleted image file: temp_images/test_04390107062024.bmp
2024-06-07 13:11:30,203 - main - INFO - Automatically deleted image file: temp_images/test_04390107062024.ppm
2024-06-07 13:11:30,203 - main - INFO - Automatically deleted image file: temp_images/test_04390107062024.sgi
2024-06-07 13:11:30,203 - main - INFO - Automatically deleted image file: temp_images/test_04390107062024.tiff
2024-06-07 13:11:30,204 - main - INFO - Automatically deleted image file: temp_images/test_04390107062024.webp
2024-06-07 13:11:30,204 - main - INFO - Automatically deleted image file: temp_images/test_04460107062024.ppm
2024-06-07 13:11:30,204 - main - INFO - Automatically deleted image file: temp_images/test_04460107062024.sgi
2024-06-07 13:11:30,204 - main - INFO - Automatically deleted image file: temp_images/test_04460107062024.tiff
2024-06-07 13:11:30,204 - main - INFO - Automatically deleted image file: temp_images/test_04520107062024.tiff
2024-06-07 13:11:30,205 - main - INFO - Automatically deleted image file: temp_images/test_04560107062024.bmp
2024-06-07 13:11:30,205 - main - INFO - Automatically deleted image file: temp_images/test_04560107062024.gif
2024-06-07 13:11:30,205 - main - INFO - Automatically deleted image file: temp_images/test_04560107062024.sgi
2024-06-07 13:11:30,205 - main - INFO - Automatically deleted image file: temp_images/test_04560107062024.tiff
2024-06-07 13:11:30,206 - main - INFO - Automatically deleted image file: temp_images/test_04560107062024.webp
2024-06-07 13:11:30,206 - main - INFO - Automatically deleted image file: temp_images/test_05370107062024.bmp
2024-06-07 13:11:30,206 - main - INFO - Automatically deleted image file: temp_images/test_05370107062024.gif
2024-06-07 13:11:30,206 - main - INFO - Automatically deleted image file: temp_images/test_05370107062024.jpeg
2024-06-07 13:11:30,206 - main - INFO - Automatically deleted image file: temp_images/test_06370107062024.webp
2024-06-07 13:11:30,207 - main - INFO - Automatically deleted image file: temp_images/test_06390107062024.sgi
2024-06-07 13:11:30,207 - main - INFO - Automatically deleted image file: temp_images/test_06390107062024.tiff
2024-06-07 13:11:30,207 - main - INFO - Automatically deleted image file: temp_images/test_06560107062024.ppm
2024-06-07 13:11:30,207 - main - INFO - Automatically deleted image file: temp_images/test_06560107062024.sgi
2024-06-07 13:11:30,208 - main - INFO - Automatically deleted image file: temp_images/test_06560107062024.tiff
2024-06-07 13:11:30,208 - main - INFO - Automatically deleted image file: temp_images/test_07370107062024.gif
2024-06-07 13:11:30,208 - main - INFO - Automatically deleted image file: temp_images/test_07370107062024.jpeg
2024-06-07 13:11:30,208 - main - INFO - Automatically deleted image file: temp_images/test_07390107062024.bmp
2024-06-07 13:11:30,208 - main - INFO - Automatically deleted image file: temp_images/test_07390107062024.gif
2024-06-07 13:11:30,209 - main - INFO - Automatically deleted image file: temp_images/test_07390107062024.webp
2024-06-07 13:11:30,209 - main - INFO - Automatically deleted image file: temp_images/test_07420107062024.gif
2024-06-07 13:11:30,209 - main - INFO - Automatically deleted image file: temp_images/test_07420107062024.heif
2024-06-07 13:11:30,209 - main - INFO - Automatically deleted image file: temp_images/test_07550107062024.gif
2024-06-07 13:11:30,209 - main - INFO - Automatically deleted image file: temp_images/test_07550107062024.ico
2024-06-07 13:11:30,210 - main - INFO - Automatically deleted image file: temp_images/test_07560107062024.tiff
2024-06-07 13:11:30,210 - main - INFO - Automatically deleted image file: temp_images/test_07560107062024.webp
2024-06-07 13:11:30,210 - main - INFO - Automatically deleted image file: temp_images/test_08370107062024.jpeg
2024-06-07 13:11:30,210 - main - INFO - Automatically deleted image file: temp_images/test_08370107062024.pcx
2024-06-07 13:11:30,210 - main - INFO - Automatically deleted image file: temp_images/test_08370107062024.png
2024-06-07 13:11:30,210 - main - INFO - Automatically deleted image file: temp_images/test_08390107062024.bmp
2024-06-07 13:11:30,211 - main - INFO - Automatically deleted image file: temp_images/test_08390107062024.gif
2024-06-07 13:11:30,211 - main - INFO - Automatically deleted image file: temp_images/test_08390107062024.jpeg
2024-06-07 13:11:30,211 - main - INFO - Automatically deleted image file: temp_images/test_08390107062024.pcx
2024-06-07 13:11:30,211 - main - INFO - Automatically deleted image file: temp_images/test_00460107062024.png
2024-06-07 13:11:30,211 - main - INFO - Automatically deleted image file: temp_images/test_01390107062024.tiff
2024-06-07 13:11:30,211 - main - INFO - Automatically deleted image file: temp_images/test_02390107062024.tiff
2024-06-07 13:11:30,212 - main - INFO - Automatically deleted image file: temp_images/test_02560107062024.webp
2024-06-07 13:11:30,212 - main - INFO - Automatically deleted image file: temp_images/test_04370107062024.bmp
2024-06-07 13:11:30,212 - main - INFO - Automatically deleted image file: temp_images/test_05370107062024.pcx
2024-06-07 13:11:30,212 - main - INFO - Automatically deleted image file: temp_images/test_06370107062024.tiff
2024-06-07 13:11:30,212 - main - INFO - Automatically deleted image file: temp_images/test_08390107062024.ppm
2024-06-07 13:11:30,212 - main - INFO - Automatically deleted image file: temp_images/test_09390107062024.jpeg
2024-06-07 13:11:30,213 - main - INFO - Automatically deleted image file: temp_images/test_10390107062024.bmp
2024-06-07 13:11:30,213 - main - INFO - Automatically deleted image file: temp_images/test_11550107062024.webp
2024-06-07 13:11:30,213 - main - INFO - Automatically deleted image file: temp_images/test_15550107062024.pcx
2024-06-07 13:11:30,213 - main - INFO - Automatically deleted image file: temp_images/test_17550107062024.pcx
2024-06-07 13:11:30,213 - main - INFO - Automatically deleted image file: temp_images/test_21550107062024.tiff
2024-06-07 13:11:30,214 - main - INFO - Automatically deleted image file: temp_images/test_23580107062024.ppm
2024-06-07 13:11:30,214 - main - INFO - Automatically deleted image file: temp_images/test_28560107062024.ico
2024-06-07 13:11:30,214 - main - INFO - Automatically deleted image file: temp_images/test_29560107062024.ppm
2024-06-07 13:11:30,214 - main - INFO - Automatically deleted image file: temp_images/test_30560107062024.png
2024-06-07 13:11:30,214 - main - INFO - Automatically deleted image file: temp_images/test_31320107062024.tiff
2024-06-07 13:11:30,215 - main - INFO - Automatically deleted image file: temp_images/test_32440107062024.jpeg
2024-06-07 13:11:30,215 - main - INFO - Automatically deleted image file: temp_images/test_33440107062024.jpeg
2024-06-07 13:11:30,215 - main - INFO - Automatically deleted image file: temp_images/test_34440107062024.ico
2024-06-07 13:11:30,215 - main - INFO - Automatically deleted image file: temp_images/test_35560107062024.ico
2024-06-07 13:11:30,216 - main - INFO - Automatically deleted image file: temp_images/test_36560107062024.tiff
2024-06-07 13:11:30,216 - main - INFO - Automatically deleted image file: temp_images/test_38380107062024.jpeg
2024-06-07 13:11:30,216 - main - INFO - Automatically deleted image file: temp_images/test_39380107062024.gif
2024-06-07 13:11:30,216 - main - INFO - Automatically deleted image file: temp_images/test_40380107062024.jpeg
2024-06-07 13:11:30,216 - main - INFO - Automatically deleted image file: temp_images/test_41380107062024.tiff
2024-06-07 13:11:30,217 - main - INFO - Automatically deleted image file: temp_images/test_38380107062024.pcx
2024-06-07 13:11:30,217 - main - INFO - Automatically deleted image file: temp_images/test_38380107062024.png
2024-06-07 13:11:30,217 - main - INFO - Automatically deleted image file: temp_images/test_38380107062024.ppm
2024-06-07 13:11:30,217 - main - INFO - Automatically deleted image file: temp_images/test_38380107062024.sgi
2024-06-07 13:11:30,217 - main - INFO - Automatically deleted image file: temp_images/test_38380107062024.tiff
2024-06-07 13:11:30,217 - main - INFO - Automatically deleted image file: temp_images/test_38440107062024.sgi
2024-06-07 13:11:30,218 - main - INFO - Automatically deleted image file: temp_images/test_38440107062024.tiff
2024-06-07 13:11:30,218 - main - INFO - Automatically deleted image file: temp_images/test_38560107062024.gif
2024-06-07 13:11:30,218 - main - INFO - Automatically deleted image file: temp_images/test_38560107062024.ico
2024-06-07 13:11:30,218 - main - INFO - Automatically deleted image file: temp_images/test_38570107062024.bmp
2024-06-07 13:11:30,219 - main - INFO - Automatically deleted image file: temp_images/test_38570107062024.gif
2024-06-07 13:11:30,219 - main - INFO - Automatically deleted image file: temp_images/test_38570107062024.ico
2024-06-07 13:11:30,219 - main - INFO - Automatically deleted image file: temp_images/test_38570107062024.jpeg
2024-06-07 13:11:30,219 - main - INFO - Automatically deleted image file: temp_images/test_38570107062024.pcx
2024-06-07 13:11:30,219 - main - INFO - Automatically deleted image file: temp_images/test_38570107062024.png
2024-06-07 13:11:30,220 - main - INFO - Automatically deleted image file: temp_images/test_38570107062024.ppm
2024-06-07 13:11:30,220 - main - INFO - Automatically deleted image file: temp_images/test_38570107062024.sgi
2024-06-07 13:11:30,220 - main - INFO - Automatically deleted image file: temp_images/test_38570107062024.tiff
2024-06-07 13:11:30,220 - main - INFO - Automatically deleted image file: temp_images/test_38570107062024.webp
2024-06-07 13:11:30,220 - main - INFO - Automatically deleted image file: temp_images/test_39380107062024.bmp
2024-06-07 13:11:30,221 - main - INFO - Automatically deleted image file: temp_images/test_40380107062024.pcx
2024-06-07 13:11:30,221 - main - INFO - Automatically deleted image file: temp_images/test_40380107062024.png
2024-06-07 13:11:30,221 - main - INFO - Automatically deleted image file: temp_images/test_40380107062024.ppm
2024-06-07 13:11:30,221 - main - INFO - Automatically deleted image file: temp_images/test_40380107062024.sgi
2024-06-07 13:11:30,221 - main - INFO - Automatically deleted image file: temp_images/test_40380107062024.tiff
2024-06-07 13:11:30,221 - main - INFO - Automatically deleted image file: temp_images/test_40440107062024.gif
2024-06-07 13:11:30,222 - main - INFO - Automatically deleted image file: temp_images/test_40440107062024.ico
2024-06-07 13:11:30,222 - main - INFO - Automatically deleted image file: temp_images/test_40440107062024.jpeg
2024-06-07 13:11:30,222 - main - INFO - Automatically deleted image file: temp_images/test_40440107062024.pcx
2024-06-07 13:11:30,222 - main - INFO - Automatically deleted image file: temp_images/test_40440107062024.ppm
2024-06-07 13:11:30,222 - main - INFO - Automatically deleted image file: temp_images/test_40440107062024.sgi
2024-06-07 13:11:30,223 - main - INFO - Automatically deleted image file: temp_images/test_40570107062024.ico
2024-06-07 13:11:30,223 - main - INFO - Automatically deleted image file: temp_images/test_40570107062024.jpeg
2024-06-07 13:11:30,223 - main - INFO - Automatically deleted image file: temp_images/test_40570107062024.pcx
2024-06-07 13:11:30,223 - main - INFO - Automatically deleted image file: temp_images/test_41380107062024.bmp
2024-06-07 13:11:30,223 - main - INFO - Automatically deleted image file: temp_images/test_41380107062024.gif
2024-06-07 13:11:30,223 - main - INFO - Automatically deleted image file: temp_images/test_41380107062024.jpeg
2024-06-07 13:11:30,223 - main - INFO - Automatically deleted image file: temp_images/test_41380107062024.png
2024-06-07 13:11:30,224 - main - INFO - Automatically deleted image file: temp_images/test_43440107062024.gif
2024-06-07 13:11:30,224 - main - INFO - Automatically deleted image file: temp_images/test_43440107062024.ico
2024-06-07 13:11:30,224 - main - INFO - Automatically deleted image file: temp_images/test_43570107062024.sgi
2024-06-07 13:11:30,224 - main - INFO - Automatically deleted image file: temp_images/test_43570107062024.tiff
2024-06-07 13:11:30,224 - main - INFO - Automatically deleted image file: temp_images/test_44380107062024.bmp
2024-06-07 13:11:30,224 - main - INFO - Automatically deleted image file: temp_images/test_44380107062024.gif
2024-06-07 13:11:30,225 - main - INFO - Automatically deleted image file: temp_images/test_44380107062024.jpeg
2024-06-07 13:11:30,225 - main - INFO - Automatically deleted image file: temp_images/test_44380107062024.pcx
2024-06-07 13:11:30,225 - main - INFO - Automatically deleted image file: temp_images/test_44380107062024.ppm
2024-06-07 13:11:30,225 - main - INFO - Automatically deleted image file: temp_images/test_44380107062024.sgi
2024-06-07 13:11:30,225 - main - INFO - Automatically deleted image file: temp_images/test_44380107062024.tiff
2024-06-07 13:11:30,225 - main - INFO - Automatically deleted image file: temp_images/test_44440107062024.jpeg
2024-06-07 13:11:30,225 - main - INFO - Automatically deleted image file: temp_images/test_44440107062024.pcx
2024-06-07 13:11:30,225 - main - INFO - Automatically deleted image file: temp_images/test_44440107062024.png
2024-06-07 13:11:30,226 - main - INFO - Automatically deleted image file: temp_images/test_45380107062024.bmp
2024-06-07 13:11:30,226 - main - INFO - Automatically deleted image file: temp_images/test_45380107062024.gif
2024-06-07 13:11:30,226 - main - INFO - Automatically deleted image file: temp_images/test_45380107062024.jpeg
2024-06-07 13:11:30,226 - main - INFO - Automatically deleted image file: temp_images/test_45380107062024.pcx
2024-06-07 13:11:30,226 - main - INFO - Automatically deleted image file: temp_images/test_45380107062024.png
2024-06-07 13:11:30,227 - main - INFO - Automatically deleted image file: temp_images/test_45380107062024.sgi
2024-06-07 13:11:30,227 - main - INFO - Automatically deleted image file: temp_images/test_45380107062024.tiff
2024-06-07 13:11:30,227 - main - INFO - Automatically deleted image file: temp_images/test_45380107062024.webp
2024-06-07 13:11:30,227 - main - INFO - Automatically deleted image file: temp_images/test_45400107062024.gif
2024-06-07 13:11:30,227 - main - INFO - Automatically deleted image file: temp_images/test_45400107062024.jpeg
2024-06-07 13:11:30,228 - main - INFO - Automatically deleted image file: temp_images/test_46380107062024.gif
2024-06-07 13:11:30,228 - main - INFO - Automatically deleted image file: temp_images/test_46380107062024.jpeg
2024-06-07 13:11:30,228 - main - INFO - Automatically deleted image file: temp_images/test_46380107062024.pcx
2024-06-07 13:11:30,228 - main - INFO - Automatically deleted image file: temp_images/test_46380107062024.png
2024-06-07 13:11:30,228 - main - INFO - Automatically deleted image file: temp_images/test_46380107062024.ppm
2024-06-07 13:11:30,229 - main - INFO - Automatically deleted image file: temp_images/test_46380107062024.sgi
2024-06-07 13:11:30,229 - main - INFO - Automatically deleted image file: temp_images/test_46380107062024.tiff
2024-06-07 13:11:30,229 - main - INFO - Automatically deleted image file: temp_images/test_46380107062024.webp
2024-06-07 13:11:30,229 - main - INFO - Automatically deleted image file: temp_images/test_46400107062024.bmp
2024-06-07 13:11:30,229 - main - INFO - Automatically deleted image file: temp_images/test_46400107062024.jpeg
2024-06-07 13:11:30,230 - main - INFO - Automatically deleted image file: temp_images/test_46400107062024.pcx
2024-06-07 13:11:30,230 - main - INFO - Automatically deleted image file: temp_images/test_46400107062024.png
2024-06-07 13:11:30,230 - main - INFO - Automatically deleted image file: temp_images/test_46400107062024.ppm
2024-06-07 13:11:30,230 - main - INFO - Automatically deleted image file: temp_images/test_46400107062024.sgi
2024-06-07 13:11:30,230 - main - INFO - Automatically deleted image file: temp_images/test_46400107062024.tiff
2024-06-07 13:11:30,230 - main - INFO - Automatically deleted image file: temp_images/test_46400107062024.webp
2024-06-07 13:11:30,230 - main - INFO - Automatically deleted image file: temp_images/test_46440107062024.ppm
2024-06-07 13:11:30,230 - main - INFO - Automatically deleted image file: temp_images/test_46440107062024.sgi
2024-06-07 13:11:30,231 - main - INFO - Automatically deleted image file: temp_images/test_46440107062024.tiff
2024-06-07 13:11:30,231 - main - INFO - Automatically deleted image file: temp_images/test_47380107062024.jpeg
2024-06-07 13:11:30,231 - main - INFO - Automatically deleted image file: temp_images/test_01410107062024.ppm
2024-06-07 13:11:30,231 - main - INFO - Automatically deleted image file: temp_images/test_01460107062024.bmp
2024-06-07 13:11:30,231 - main - INFO - Automatically deleted image file: temp_images/test_01460107062024.gif
2024-06-07 13:11:30,231 - main - INFO - Automatically deleted image file: temp_images/test_01460107062024.ico
2024-06-07 13:11:30,232 - main - INFO - Automatically deleted image file: temp_images/test_01460107062024.ppm
2024-06-07 13:11:30,232 - main - INFO - Automatically deleted image file: temp_images/test_01460107062024.sgi
2024-06-07 13:11:30,232 - main - INFO - Automatically deleted image file: temp_images/test_01460107062024.tiff
2024-06-07 13:11:30,232 - main - INFO - Automatically deleted image file: temp_images/test_01460107062024.webp
2024-06-07 13:11:30,232 - main - INFO - Automatically deleted image file: temp_images/test_01520107062024.jpeg
2024-06-07 13:11:30,232 - main - INFO - Automatically deleted image file: temp_images/test_01520107062024.pcx
2024-06-07 13:11:30,232 - main - INFO - Automatically deleted image file: temp_images/test_01520107062024.png
2024-06-07 13:11:30,233 - main - INFO - Automatically deleted image file: temp_images/test_01560107062024.ico
2024-06-07 13:11:30,233 - main - INFO - Automatically deleted image file: temp_images/test_01560107062024.jpeg
2024-06-07 13:11:30,233 - main - INFO - Automatically deleted image file: temp_images/test_01560107062024.pcx
2024-06-07 13:11:30,233 - main - INFO - Automatically deleted image file: temp_images/test_01560107062024.png
2024-06-07 13:11:30,233 - main - INFO - Automatically deleted image file: temp_images/test_01560107062024.ppm
2024-06-07 13:11:30,233 - main - INFO - Automatically deleted image file: temp_images/test_01560107062024.sgi
2024-06-07 13:11:30,234 - main - INFO - Automatically deleted image file: temp_images/test_01560107062024.tiff
2024-06-07 13:11:30,234 - main - INFO - Automatically deleted image file: temp_images/test_02370107062024.ppm
2024-06-07 13:11:30,234 - main - INFO - Automatically deleted image file: temp_images/test_02370107062024.sgi
2024-06-07 13:11:30,234 - main - INFO - Automatically deleted image file: temp_images/test_02370107062024.tiff
2024-06-07 13:11:30,234 - main - INFO - Automatically deleted image file: temp_images/test_02390107062024.bmp
2024-06-07 13:11:30,235 - main - INFO - Automatically deleted image file: temp_images/test_02390107062024.gif
2024-06-07 13:11:30,235 - main - INFO - Automatically deleted image file: temp_images/test_02390107062024.jpeg
2024-06-07 13:11:30,235 - main - INFO - Automatically deleted image file: temp_images/test_02390107062024.pcx
2024-06-07 13:11:30,235 - main - INFO - Automatically deleted image file: temp_images/test_02390107062024.png
2024-06-07 13:11:30,235 - main - INFO - Automatically deleted image file: temp_images/test_02390107062024.ppm
2024-06-07 13:11:30,235 - main - INFO - Automatically deleted image file: temp_images/test_02390107062024.sgi
2024-06-07 13:11:30,235 - main - INFO - Automatically deleted image file: temp_images/test_08390107062024.sgi
2024-06-07 13:11:30,235 - main - INFO - Automatically deleted image file: temp_images/test_08390107062024.tiff
2024-06-07 13:11:30,236 - main - INFO - Automatically deleted image file: temp_images/test_08390107062024.webp
2024-06-07 13:11:30,236 - main - INFO - Automatically deleted image file: temp_images/test_08550107062024.bmp
2024-06-07 13:11:30,236 - main - INFO - Automatically deleted image file: temp_images/test_08550107062024.ico
2024-06-07 13:11:30,236 - main - INFO - Automatically deleted image file: temp_images/test_08550107062024.jpeg
2024-06-07 13:11:30,236 - main - INFO - Automatically deleted image file: temp_images/test_08550107062024.pcx
2024-06-07 13:11:30,237 - main - INFO - Automatically deleted image file: temp_images/test_08550107062024.png
2024-06-07 13:11:30,237 - main - INFO - Automatically deleted image file: temp_images/test_08550107062024.ppm
2024-06-07 13:11:30,237 - main - INFO - Automatically deleted image file: temp_images/test_08550107062024.sgi
2024-06-07 13:11:30,237 - main - INFO - Automatically deleted image file: temp_images/test_08550107062024.tiff
2024-06-07 13:11:30,237 - main - INFO - Automatically deleted image file: temp_images/test_08550107062024.webp
2024-06-07 13:11:30,237 - main - INFO - Automatically deleted image file: temp_images/test_08560107062024.bmp
2024-06-07 13:11:30,237 - main - INFO - Automatically deleted image file: temp_images/test_08560107062024.gif
2024-06-07 13:11:30,237 - main - INFO - Automatically deleted image file: temp_images/test_08560107062024.ico
2024-06-07 13:11:30,238 - main - INFO - Automatically deleted image file: temp_images/test_08560107062024.jpeg
2024-06-07 13:11:30,238 - main - INFO - Automatically deleted image file: temp_images/test_08560107062024.pcx
2024-06-07 13:11:30,238 - main - INFO - Automatically deleted image file: temp_images/test_08560107062024.ppm
2024-06-07 13:11:30,238 - main - INFO - Automatically deleted image file: temp_images/test_08560107062024.sgi
2024-06-07 13:11:30,238 - main - INFO - Automatically deleted image file: temp_images/test_09370107062024.ppm
2024-06-07 13:11:30,238 - main - INFO - Automatically deleted image file: temp_images/test_09390107062024.bmp
2024-06-07 13:11:30,239 - main - INFO - Automatically deleted image file: temp_images/test_09390107062024.gif
2024-06-07 13:11:30,239 - main - INFO - Automatically deleted image file: temp_images/test_47380107062024.png
2024-06-07 13:11:30,239 - main - INFO - Automatically deleted image file: temp_images/test_47400107062024.bmp
2024-06-07 13:11:30,239 - main - INFO - Automatically deleted image file: temp_images/test_47400107062024.gif
2024-06-07 13:11:30,239 - main - INFO - Automatically deleted image file: temp_images/test_47400107062024.jpeg
2024-06-07 13:11:30,239 - main - INFO - Automatically deleted image file: temp_images/test_47440107062024.tiff
2024-06-07 13:11:30,239 - main - INFO - Automatically deleted image file: temp_images/test_48400107062024.pcx
2024-06-07 13:11:30,240 - main - INFO - Automatically deleted image file: temp_images/test_48400107062024.png
2024-06-07 13:11:30,240 - main - INFO - Automatically deleted image file: temp_images/test_49380107062024.ppm
2024-06-07 13:11:30,240 - main - INFO - Automatically deleted image file: temp_images/test_49380107062024.sgi
2024-06-07 13:11:30,240 - main - INFO - Automatically deleted image file: temp_images/test_49380107062024.tiff
2024-06-07 13:11:30,240 - main - INFO - Automatically deleted image file: temp_images/test_49400107062024.ppm
2024-06-07 13:11:30,240 - main - INFO - Automatically deleted image file: temp_images/test_49400107062024.sgi
2024-06-07 13:11:30,240 - main - INFO - Automatically deleted image file: temp_images/test_49400107062024.tiff
2024-06-07 13:11:30,240 - main - INFO - Automatically deleted image file: temp_images/test_50380107062024.tiff
2024-06-07 13:11:30,240 - main - INFO - Automatically deleted image file: temp_images/test_50400107062024.bmp
2024-06-07 13:11:30,241 - main - INFO - Automatically deleted image file: temp_images/test_50400107062024.gif
2024-06-07 13:11:30,241 - main - INFO - Automatically deleted image file: temp_images/test_50400107062024.pcx
2024-06-07 13:11:30,241 - main - INFO - Automatically deleted image file: temp_images/test_50400107062024.png
2024-06-07 13:11:30,241 - main - INFO - Automatically deleted image file: temp_images/test_50400107062024.ppm
2024-06-07 13:11:30,241 - main - INFO - Automatically deleted image file: temp_images/test_50400107062024.sgi
2024-06-07 13:11:30,241 - main - INFO - Automatically deleted image file: temp_images/test_50400107062024.tiff
2024-06-07 13:11:30,241 - main - INFO - Automatically deleted image file: temp_images/test_50400107062024.webp
2024-06-07 13:11:30,242 - main - INFO - Automatically deleted image file: temp_images/test_50510107062024.gif
2024-06-07 13:11:30,242 - main - INFO - Automatically deleted image file: temp_images/test_50510107062024.ico
2024-06-07 13:11:30,242 - main - INFO - Automatically deleted image file: temp_images/test_51400107062024.bmp
2024-06-07 13:11:30,242 - main - INFO - Automatically deleted image file: temp_images/test_51400107062024.gif
2024-06-07 13:11:30,242 - main - INFO - Automatically deleted image file: temp_images/test_51400107062024.jpeg
2024-06-07 13:11:30,243 - main - INFO - Automatically deleted image file: temp_images/test_51400107062024.pcx
2024-06-07 13:11:30,243 - main - INFO - Automatically deleted image file: temp_images/test_51400107062024.png
2024-06-07 13:11:30,243 - main - INFO - Automatically deleted image file: temp_images/test_51400107062024.ppm
2024-06-07 13:11:30,243 - main - INFO - Automatically deleted image file: temp_images/test_51400107062024.sgi
2024-06-07 13:11:30,243 - main - INFO - Automatically deleted image file: temp_images/test_52400107062024.ppm
2024-06-07 13:11:30,243 - main - INFO - Automatically deleted image file: temp_images/test_52400107062024.sgi
2024-06-07 13:11:30,243 - main - INFO - Automatically deleted image file: temp_images/test_52400107062024.tiff
2024-06-07 13:11:30,244 - main - INFO - Automatically deleted image file: temp_images/test_52400107062024.webp
2024-06-07 13:11:30,244 - main - INFO - Automatically deleted image file: temp_images/test_52450107062024.bmp
2024-06-07 13:11:30,244 - main - INFO - Automatically deleted image file: temp_images/test_52450107062024.gif
2024-06-07 13:11:30,244 - main - INFO - Automatically deleted image file: temp_images/test_52450107062024.ico
2024-06-07 13:11:30,244 - main - INFO - Automatically deleted image file: temp_images/test_52450107062024.jpeg
2024-06-07 13:11:30,245 - main - INFO - Automatically deleted image file: temp_images/test_52450107062024.pcx
2024-06-07 13:11:30,245 - main - INFO - Automatically deleted image file: temp_images/test_52450107062024.png
2024-06-07 13:11:30,245 - main - INFO - Automatically deleted image file: temp_images/test_52450107062024.ppm
2024-06-07 13:11:30,245 - main - INFO - Automatically deleted image file: temp_images/test_52450107062024.sgi
2024-06-07 13:11:30,245 - main - INFO - Automatically deleted image file: temp_images/test_52450107062024.tiff
2024-06-07 13:11:30,245 - main - INFO - Automatically deleted image file: temp_images/test_52450107062024.webp
2024-06-07 13:11:30,246 - main - INFO - Automatically deleted image file: temp_images/test_52510107062024.bmp
2024-06-07 13:11:30,246 - main - INFO - Automatically deleted image file: temp_images/test_52510107062024.gif
2024-06-07 13:11:30,246 - main - INFO - Automatically deleted image file: temp_images/test_52510107062024.ico
2024-06-07 13:11:30,246 - main - INFO - Automatically deleted image file: temp_images/test_52510107062024.jpeg
2024-06-07 13:11:30,246 - main - INFO - Automatically deleted image file: temp_images/test_52510107062024.pcx
2024-06-07 13:11:30,246 - main - INFO - Automatically deleted image file: temp_images/test_52510107062024.png
2024-06-07 13:11:30,247 - main - INFO - Automatically deleted image file: temp_images/test_52510107062024.ppm
2024-06-07 13:11:30,247 - main - INFO - Automatically deleted image file: temp_images/test_52510107062024.sgi
2024-06-07 13:11:30,247 - main - INFO - Automatically deleted image file: temp_images/test_52510107062024.tiff
2024-06-07 13:11:30,247 - main - INFO - Automatically deleted image file: temp_images/test_52510107062024.webp
2024-06-07 13:11:30,247 - main - INFO - Automatically deleted image file: temp_images/test_53400107062024.bmp
2024-06-07 13:11:30,247 - main - INFO - Automatically deleted image file: temp_images/test_56400107062024.pcx
2024-06-07 13:11:30,248 - main - INFO - Automatically deleted image file: temp_images/test_56400107062024.ppm
2024-06-07 13:11:30,248 - main - INFO - Automatically deleted image file: temp_images/test_56450107062024.jpeg
2024-06-07 13:11:30,248 - main - INFO - Automatically deleted image file: temp_images/test_56450107062024.png
2024-06-07 13:11:30,248 - main - INFO - Automatically deleted image file: temp_images/test_56450107062024.ppm
2024-06-07 13:11:30,248 - main - INFO - Automatically deleted image file: temp_images/test_56450107062024.sgi
2024-06-07 13:11:30,248 - main - INFO - Automatically deleted image file: temp_images/test_56510107062024.tiff
2024-06-07 13:11:30,249 - main - INFO - Automatically deleted image file: temp_images/test_56510107062024.webp
2024-06-07 13:11:30,249 - main - INFO - Automatically deleted image file: temp_images/test_57360107062024.gif
2024-06-07 13:11:30,249 - main - INFO - Automatically deleted image file: temp_images/test_57360107062024.jpeg
2024-06-07 13:11:30,250 - main - INFO - Automatically deleted image file: temp_images/test_57360107062024.pcx
2024-06-07 13:11:30,250 - main - INFO - Automatically deleted image file: temp_images/test_57360107062024.png
2024-06-07 13:11:30,250 - main - INFO - Automatically deleted image file: temp_images/test_57360107062024.ppm
2024-06-07 13:11:30,250 - main - INFO - Automatically deleted image file: temp_images/test_57400107062024.bmp
2024-06-07 13:11:30,251 - main - INFO - Automatically deleted image file: temp_images/test_57400107062024.gif
2024-06-07 13:11:30,251 - main - INFO - Automatically deleted image file: temp_images/test_59360107062024.png
2024-06-07 13:11:30,251 - main - INFO - Automatically deleted image file: temp_images/test_59360107062024.ppm
2024-06-07 13:11:30,251 - main - INFO - Automatically deleted image file: temp_images/test_59360107062024.sgi
2024-06-07 13:11:30,251 - main - INFO - Automatically deleted image file: temp_images/test_59360107062024.tiff
2024-06-07 13:11:30,252 - main - INFO - Automatically deleted image file: temp_images/test_59360107062024.webp
2024-06-07 13:11:30,252 - main - INFO - Automatically deleted image file: temp_images/test_59380107062024.bmp
2024-06-07 13:11:30,252 - main - INFO - Automatically deleted image file: temp_images/test_59380107062024.gif
2024-06-07 13:11:30,252 - main - INFO - Automatically deleted image file: temp_images/test_59380107062024.jpeg
2024-06-07 13:11:30,252 - main - INFO - Automatically deleted image file: temp_images/test_59380107062024.pcx
2024-06-07 13:11:30,252 - main - INFO - Automatically deleted image file: temp_images/test_59380107062024.png
2024-06-07 13:11:30,252 - main - INFO - Automatically deleted image file: temp_images/test_59380107062024.ppm
2024-06-07 13:11:30,252 - main - INFO - Automatically deleted image file: temp_images/test_59380107062024.sgi
2024-06-07 13:11:30,253 - main - INFO - Automatically deleted image file: temp_images/test_59380107062024.tiff
2024-06-07 13:11:30,253 - main - INFO - Automatically deleted image file: temp_images/test_59380107062024.webp
2024-06-07 13:11:30,253 - main - INFO - Automatically deleted image file: temp_images/test_59400107062024.gif
2024-06-07 13:11:30,253 - main - INFO - Automatically deleted image file: temp_images/test_10390107062024.gif
2024-06-07 13:11:30,253 - main - INFO - Automatically deleted image file: temp_images/test_10390107062024.jpeg
2024-06-07 13:11:30,253 - main - INFO - Automatically deleted image file: temp_images/test_10550107062024.ico
2024-06-07 13:11:30,254 - main - INFO - Automatically deleted image file: temp_images/test_10550107062024.jpeg
2024-06-07 13:11:30,254 - main - INFO - Automatically deleted image file: temp_images/test_10550107062024.pcx
2024-06-07 13:11:30,254 - main - INFO - Automatically deleted image file: temp_images/test_10550107062024.png
2024-06-07 13:11:30,254 - main - INFO - Automatically deleted image file: temp_images/test_10550107062024.ppm
2024-06-07 13:11:30,254 - main - INFO - Automatically deleted image file: temp_images/test_10550107062024.sgi
2024-06-07 13:11:30,254 - main - INFO - Automatically deleted image file: temp_images/test_10560107062024.bmp
2024-06-07 13:11:30,255 - main - INFO - Automatically deleted image file: temp_images/test_10560107062024.gif
2024-06-07 13:11:30,255 - main - INFO - Automatically deleted image file: temp_images/test_10560107062024.ico
2024-06-07 13:11:30,255 - main - INFO - Automatically deleted image file: temp_images/test_10560107062024.jpeg
2024-06-07 13:11:30,255 - main - INFO - Automatically deleted image file: temp_images/test_10560107062024.pcx
2024-06-07 13:11:30,255 - main - INFO - Automatically deleted image file: temp_images/test_10560107062024.png
2024-06-07 13:11:30,256 - main - INFO - Automatically deleted image file: temp_images/test_10560107062024.ppm
2024-06-07 13:11:30,256 - main - INFO - Automatically deleted image file: temp_images/test_10560107062024.sgi
2024-06-07 13:11:30,256 - main - INFO - Automatically deleted image file: temp_images/test_10560107062024.tiff
2024-06-07 13:11:30,256 - main - INFO - Automatically deleted image file: temp_images/test_10560107062024.webp
2024-06-07 13:11:30,256 - main - INFO - Automatically deleted image file: temp_images/test_11370107062024.tiff
2024-06-07 13:11:30,256 - main - INFO - Automatically deleted image file: temp_images/test_11390107062024.jpeg
2024-06-07 13:11:30,257 - main - INFO - Automatically deleted image file: temp_images/test_11390107062024.pcx
2024-06-07 13:11:30,257 - main - INFO - Automatically deleted image file: temp_images/test_11390107062024.png
2024-06-07 13:11:30,257 - main - INFO - Automatically deleted image file: temp_images/test_11550107062024.bmp
2024-06-07 13:11:30,257 - main - INFO - Automatically deleted image file: temp_images/test_11550107062024.gif
2024-06-07 13:11:30,257 - main - INFO - Automatically deleted image file: temp_images/test_11550107062024.tiff
2024-06-07 13:11:30,258 - main - INFO - Automatically deleted image file: temp_images/test_32440107062024.pcx
2024-06-07 13:11:30,258 - main - INFO - Automatically deleted image file: temp_images/test_32440107062024.png
2024-06-07 13:11:30,258 - main - INFO - Automatically deleted image file: temp_images/test_32440107062024.ppm
2024-06-07 13:11:30,258 - main - INFO - Automatically deleted image file: temp_images/test_32560107062024.gif
2024-06-07 13:11:30,258 - main - INFO - Automatically deleted image file: temp_images/test_32560107062024.ico
2024-06-07 13:11:30,259 - main - INFO - Automatically deleted image file: temp_images/test_32560107062024.jpeg
2024-06-07 13:11:30,259 - main - INFO - Automatically deleted image file: temp_images/test_32560107062024.png
2024-06-07 13:11:30,259 - main - INFO - Automatically deleted image file: temp_images/test_32570107062024.bmp
2024-06-07 13:11:30,259 - main - INFO - Automatically deleted image file: temp_images/test_32570107062024.ppm
2024-06-07 13:11:30,260 - main - INFO - Automatically deleted image file: temp_images/test_32570107062024.sgi
2024-06-07 13:11:30,260 - main - INFO - Automatically deleted image file: temp_images/test_32570107062024.tiff
2024-06-07 13:11:30,260 - main - INFO - Automatically deleted image file: temp_images/test_32570107062024.webp
2024-06-07 13:11:30,260 - main - INFO - Automatically deleted image file: temp_images/test_32580107062024.jpeg
2024-06-07 13:11:30,260 - main - INFO - Automatically deleted image file: temp_images/test_32580107062024.pcx
2024-06-07 13:11:30,260 - main - INFO - Automatically deleted image file: temp_images/test_32580107062024.png
2024-06-07 13:11:30,261 - main - INFO - Automatically deleted image file: temp_images/test_33440107062024.bmp
2024-06-07 13:11:30,261 - main - INFO - Automatically deleted image file: temp_images/test_33440107062024.gif
2024-06-07 13:11:30,261 - main - INFO - Automatically deleted image file: temp_images/test_33440107062024.ico
2024-06-07 13:11:30,261 - main - INFO - Automatically deleted image file: temp_images/test_34440107062024.jpeg
2024-06-07 13:11:30,261 - main - INFO - Automatically deleted image file: temp_images/test_34440107062024.pcx
2024-06-07 13:11:30,262 - main - INFO - Automatically deleted image file: temp_images/test_34440107062024.png
2024-06-07 13:11:30,262 - main - INFO - Automatically deleted image file: temp_images/test_34440107062024.ppm
2024-06-07 13:11:30,262 - main - INFO - Automatically deleted image file: temp_images/test_34440107062024.sgi
2024-06-07 13:11:30,262 - main - INFO - Automatically deleted image file: temp_images/test_34440107062024.tiff
2024-06-07 13:11:30,262 - main - INFO - Automatically deleted image file: temp_images/test_34440107062024.webp
2024-06-07 13:11:30,263 - main - INFO - Automatically deleted image file: temp_images/test_34560107062024.tiff
2024-06-07 13:11:30,263 - main - INFO - Automatically deleted image file: temp_images/test_34560107062024.webp
2024-06-07 13:11:30,263 - main - INFO - Automatically deleted image file: temp_images/test_34570107062024.ppm
2024-06-07 13:11:30,263 - main - INFO - Automatically deleted image file: temp_images/test_34570107062024.sgi
2024-06-07 13:11:30,264 - main - INFO - Automatically deleted image file: temp_images/test_34580107062024.ppm
2024-06-07 13:11:30,264 - main - INFO - Automatically deleted image file: temp_images/test_34580107062024.sgi
2024-06-07 13:11:30,264 - main - INFO - Automatically deleted image file: temp_images/test_34580107062024.tiff
2024-06-07 13:11:30,264 - main - INFO - Automatically deleted image file: temp_images/test_35440107062024.png
2024-06-07 13:11:30,264 - main - INFO - Automatically deleted image file: temp_images/test_35440107062024.ppm
2024-06-07 13:11:30,264 - main - INFO - Automatically deleted image file: temp_images/test_35440107062024.sgi
2024-06-07 13:11:30,264 - main - INFO - Automatically deleted image file: temp_images/test_35440107062024.tiff
2024-06-07 13:11:30,265 - main - INFO - Automatically deleted image file: temp_images/test_35560107062024.bmp
2024-06-07 13:11:30,265 - main - INFO - Automatically deleted image file: temp_images/test_35560107062024.gif
2024-06-07 13:11:30,265 - main - INFO - Automatically deleted image file: temp_images/test_41380107062024.webp
2024-06-07 13:11:30,265 - main - INFO - Automatically deleted image file: temp_images/test_41440107062024.bmp
2024-06-07 13:11:30,265 - main - INFO - Automatically deleted image file: temp_images/test_41440107062024.gif
2024-06-07 13:11:30,265 - main - INFO - Automatically deleted image file: temp_images/test_41440107062024.ico
2024-06-07 13:11:30,265 - main - INFO - Automatically deleted image file: temp_images/test_41440107062024.jpeg
2024-06-07 13:11:30,266 - main - INFO - Automatically deleted image file: temp_images/test_41440107062024.pcx
2024-06-07 13:11:30,266 - main - INFO - Automatically deleted image file: temp_images/test_41440107062024.png
2024-06-07 13:11:30,266 - main - INFO - Automatically deleted image file: temp_images/test_41440107062024.sgi
2024-06-07 13:11:30,266 - main - INFO - Automatically deleted image file: temp_images/test_41440107062024.tiff
2024-06-07 13:11:30,266 - main - INFO - Automatically deleted image file: temp_images/test_41440107062024.webp
2024-06-07 13:11:30,266 - main - INFO - Automatically deleted image file: temp_images/test_41560107062024.ppm
2024-06-07 13:11:30,267 - main - INFO - Automatically deleted image file: temp_images/test_41560107062024.sgi
2024-06-07 13:11:30,267 - main - INFO - Automatically deleted image file: temp_images/test_41560107062024.tiff
2024-06-07 13:11:30,267 - main - INFO - Automatically deleted image file: temp_images/test_41570107062024.png
2024-06-07 13:11:30,267 - main - INFO - Automatically deleted image file: temp_images/test_42380107062024.ppm
2024-06-07 13:11:30,267 - main - INFO - Automatically deleted image file: temp_images/test_42380107062024.sgi
2024-06-07 13:11:30,267 - main - INFO - Automatically deleted image file: temp_images/test_42380107062024.tiff
2024-06-07 13:11:30,267 - main - INFO - Automatically deleted image file: temp_images/test_42440107062024.bmp
2024-06-07 13:11:30,268 - main - INFO - Automatically deleted image file: temp_images/test_42440107062024.gif
2024-06-07 13:11:30,268 - main - INFO - Automatically deleted image file: temp_images/test_42440107062024.ico
2024-06-07 13:11:30,268 - main - INFO - Automatically deleted image file: temp_images/test_42440107062024.jpeg
2024-06-07 13:11:30,268 - main - INFO - Automatically deleted image file: temp_images/test_42440107062024.pcx
2024-06-07 13:11:30,268 - main - INFO - Automatically deleted image file: temp_images/test_42440107062024.png
2024-06-07 13:11:30,268 - main - INFO - Automatically deleted image file: temp_images/test_42440107062024.ppm
2024-06-07 13:11:30,268 - main - INFO - Automatically deleted image file: temp_images/test_42440107062024.sgi
2024-06-07 13:11:30,268 - main - INFO - Automatically deleted image file: temp_images/test_42440107062024.tiff
2024-06-07 13:11:30,268 - main - INFO - Automatically deleted image file: temp_images/test_42440107062024.webp
2024-06-07 13:11:30,269 - main - INFO - Automatically deleted image file: temp_images/test_42560107062024.tiff
2024-06-07 13:11:30,269 - main - INFO - Automatically deleted image file: temp_images/test_42570107062024.ppm
2024-06-07 13:11:30,269 - main - INFO - Automatically deleted image file: temp_images/test_43380107062024.tiff
2024-06-07 13:11:30,269 - main - INFO - Automatically deleted image file: temp_images/test_53400107062024.jpeg
2024-06-07 13:11:30,269 - main - INFO - Automatically deleted image file: temp_images/test_53400107062024.png
2024-06-07 13:11:30,269 - main - INFO - Automatically deleted image file: temp_images/test_53450107062024.bmp
2024-06-07 13:11:30,269 - main - INFO - Automatically deleted image file: temp_images/test_53450107062024.gif
2024-06-07 13:11:30,270 - main - INFO - Automatically deleted image file: temp_images/test_53450107062024.ico
2024-06-07 13:11:30,270 - main - INFO - Automatically deleted image file: temp_images/test_53450107062024.jpeg
2024-06-07 13:11:30,270 - main - INFO - Automatically deleted image file: temp_images/test_53450107062024.pcx
2024-06-07 13:11:30,270 - main - INFO - Automatically deleted image file: temp_images/test_53450107062024.png
2024-06-07 13:11:30,270 - main - INFO - Automatically deleted image file: temp_images/test_53450107062024.ppm
2024-06-07 13:11:30,270 - main - INFO - Automatically deleted image file: temp_images/test_53450107062024.sgi
2024-06-07 13:11:30,271 - main - INFO - Automatically deleted image file: temp_images/test_53450107062024.tiff
2024-06-07 13:11:30,271 - main - INFO - Automatically deleted image file: temp_images/test_53450107062024.webp
2024-06-07 13:11:30,271 - main - INFO - Automatically deleted image file: temp_images/test_53510107062024.bmp
2024-06-07 13:11:30,271 - main - INFO - Automatically deleted image file: temp_images/test_53510107062024.png
2024-06-07 13:11:30,271 - main - INFO - Automatically deleted image file: temp_images/test_53510107062024.ppm
2024-06-07 13:11:30,271 - main - INFO - Automatically deleted image file: temp_images/test_53510107062024.sgi
2024-06-07 13:11:30,272 - main - INFO - Automatically deleted image file: temp_images/test_53510107062024.tiff
2024-06-07 13:11:30,272 - main - INFO - Automatically deleted image file: temp_images/test_53510107062024.webp
2024-06-07 13:11:30,272 - main - INFO - Automatically deleted image file: temp_images/test_02390107062024.webp
2024-06-07 13:11:30,272 - main - INFO - Automatically deleted image file: temp_images/test_02410107062024.sgi
2024-06-07 13:11:30,272 - main - INFO - Automatically deleted image file: temp_images/test_02410107062024.tiff
2024-06-07 13:11:30,272 - main - INFO - Automatically deleted image file: temp_images/test_02460107062024.jpeg
2024-06-07 13:11:30,272 - main - INFO - Automatically deleted image file: temp_images/test_02460107062024.pcx
2024-06-07 13:11:30,272 - main - INFO - Automatically deleted image file: temp_images/test_02460107062024.png
2024-06-07 13:11:30,272 - main - INFO - Automatically deleted image file: temp_images/test_02560107062024.bmp
2024-06-07 13:11:30,273 - main - INFO - Automatically deleted image file: temp_images/test_02560107062024.gif
2024-06-07 13:11:30,273 - main - INFO - Automatically deleted image file: temp_images/test_02560107062024.ico
2024-06-07 13:11:30,273 - main - INFO - Automatically deleted image file: temp_images/test_02560107062024.jpeg
2024-06-07 13:11:30,273 - main - INFO - Automatically deleted image file: temp_images/test_02560107062024.pcx
2024-06-07 13:11:30,273 - main - INFO - Automatically deleted image file: temp_images/test_02560107062024.png
2024-06-07 13:11:30,273 - main - INFO - Automatically deleted image file: temp_images/test_02560107062024.ppm
2024-06-07 13:11:30,274 - main - INFO - Automatically deleted image file: temp_images/test_02560107062024.sgi
2024-06-07 13:11:30,274 - main - INFO - Automatically deleted image file: temp_images/test_02560107062024.tiff
2024-06-07 13:11:30,274 - main - INFO - Automatically deleted image file: temp_images/test_05370107062024.png
2024-06-07 13:11:30,274 - main - INFO - Automatically deleted image file: temp_images/test_05370107062024.tiff
2024-06-07 13:11:30,274 - main - INFO - Automatically deleted image file: temp_images/test_05370107062024.webp
2024-06-07 13:11:30,274 - main - INFO - Automatically deleted image file: temp_images/test_05390107062024.gif
2024-06-07 13:11:30,274 - main - INFO - Automatically deleted image file: temp_images/test_05390107062024.jpeg
2024-06-07 13:11:30,274 - main - INFO - Automatically deleted image file: temp_images/test_05390107062024.png
2024-06-07 13:11:30,275 - main - INFO - Automatically deleted image file: temp_images/test_05390107062024.ppm
2024-06-07 13:11:30,275 - main - INFO - Automatically deleted image file: temp_images/test_05460107062024.tiff
2024-06-07 13:11:30,275 - main - INFO - Automatically deleted image file: temp_images/test_05560107062024.ico
2024-06-07 13:11:30,275 - main - INFO - Automatically deleted image file: temp_images/test_05560107062024.jpeg
2024-06-07 13:11:30,275 - main - INFO - Automatically deleted image file: temp_images/test_05560107062024.png
2024-06-07 13:11:30,275 - main - INFO - Automatically deleted image file: temp_images/test_06370107062024.bmp
2024-06-07 13:11:30,275 - main - INFO - Automatically deleted image file: temp_images/test_06370107062024.gif
2024-06-07 13:11:30,276 - main - INFO - Automatically deleted image file: temp_images/test_06370107062024.jpeg
2024-06-07 13:11:30,276 - main - INFO - Automatically deleted image file: temp_images/test_06370107062024.pcx
2024-06-07 13:11:30,276 - main - INFO - Automatically deleted image file: temp_images/test_06370107062024.png
2024-06-07 13:11:30,276 - main - INFO - Automatically deleted image file: temp_images/test_06370107062024.ppm
2024-06-07 13:11:30,276 - main - INFO - Automatically deleted image file: temp_images/test_06370107062024.sgi
2024-06-07 13:11:30,276 - main - INFO - Automatically deleted image file: temp_images/test_51400107062024.webp
2024-06-07 13:11:30,277 - main - INFO - Automatically deleted image file: temp_images/test_51450107062024.gif
2024-06-07 13:11:30,277 - main - INFO - Automatically deleted image file: temp_images/test_51450107062024.ico
2024-06-07 13:11:30,277 - main - INFO - Automatically deleted image file: temp_images/test_51450107062024.jpeg
2024-06-07 13:11:30,277 - main - INFO - Automatically deleted image file: temp_images/test_51450107062024.pcx
2024-06-07 13:11:30,277 - main - INFO - Automatically deleted image file: temp_images/test_51450107062024.png
2024-06-07 13:11:30,278 - main - INFO - Automatically deleted image file: temp_images/test_51510107062024.bmp
2024-06-07 13:11:30,278 - main - INFO - Automatically deleted image file: temp_images/test_51510107062024.gif
2024-06-07 13:11:30,278 - main - INFO - Automatically deleted image file: temp_images/test_51510107062024.ico
2024-06-07 13:11:30,278 - main - INFO - Automatically deleted image file: temp_images/test_51510107062024.jpeg
2024-06-07 13:11:30,278 - main - INFO - Automatically deleted image file: temp_images/test_51510107062024.pcx
2024-06-07 13:11:30,278 - main - INFO - Automatically deleted image file: temp_images/test_51510107062024.png
2024-06-07 13:11:30,279 - main - INFO - Automatically deleted image file: temp_images/test_51510107062024.ppm
2024-06-07 13:11:30,279 - main - INFO - Automatically deleted image file: temp_images/test_51510107062024.sgi
2024-06-07 13:11:30,279 - main - INFO - Automatically deleted image file: temp_images/test_51510107062024.tiff
2024-06-07 13:11:30,279 - main - INFO - Automatically deleted image file: temp_images/test_51510107062024.webp
2024-06-07 13:11:30,279 - main - INFO - Automatically deleted image file: temp_images/test_54400107062024.sgi
2024-06-07 13:11:30,279 - main - INFO - Automatically deleted image file: temp_images/test_54400107062024.tiff
2024-06-07 13:11:30,280 - main - INFO - Automatically deleted image file: temp_images/test_54450107062024.png
2024-06-07 13:11:30,280 - main - INFO - Automatically deleted image file: temp_images/test_54450107062024.ppm
2024-06-07 13:11:30,280 - main - INFO - Automatically deleted image file: temp_images/test_54450107062024.sgi
2024-06-07 13:11:30,280 - main - INFO - Automatically deleted image file: temp_images/test_54450107062024.tiff
2024-06-07 13:11:30,280 - main - INFO - Automatically deleted image file: temp_images/test_54450107062024.webp
2024-06-07 13:11:30,280 - main - INFO - Automatically deleted image file: temp_images/test_54510107062024.gif
2024-06-07 13:11:30,281 - main - INFO - Automatically deleted image file: temp_images/test_54510107062024.ico
2024-06-07 13:11:30,281 - main - INFO - Automatically deleted image file: temp_images/test_54510107062024.jpeg
2024-06-07 13:11:30,281 - main - INFO - Automatically deleted image file: temp_images/test_54510107062024.png
2024-06-07 13:11:30,281 - main - INFO - Automatically deleted image file: temp_images/test_55400107062024.tiff
2024-06-07 13:11:30,281 - main - INFO - Automatically deleted image file: temp_images/test_55400107062024.webp
2024-06-07 13:11:30,281 - main - INFO - Automatically deleted image file: temp_images/test_55450107062024.bmp
2024-06-07 13:11:30,281 - main - INFO - Automatically deleted image file: temp_images/test_55450107062024.gif
2024-06-07 13:11:30,282 - main - INFO - Automatically deleted image file: temp_images/test_55450107062024.ico
2024-06-07 13:11:30,282 - main - INFO - Automatically deleted image file: temp_images/test_55510107062024.ppm
2024-06-07 13:11:30,282 - main - INFO - Automatically deleted image file: temp_images/test_55510107062024.sgi
2024-06-07 13:11:30,282 - main - INFO - Automatically deleted image file: temp_images/test_55510107062024.tiff
2024-06-07 13:11:30,282 - main - INFO - Automatically deleted image file: temp_images/test_56400107062024.bmp
2024-06-07 13:11:30,282 - main - INFO - Automatically deleted image file: temp_images/test_56400107062024.gif
2024-06-07 13:11:30,283 - main - INFO - Automatically deleted image file: temp_images/test_57400107062024.pcx
2024-06-07 13:11:30,283 - main - INFO - Automatically deleted image file: temp_images/test_57400107062024.png
2024-06-07 13:11:30,283 - main - INFO - Automatically deleted image file: temp_images/test_57400107062024.sgi
2024-06-07 13:11:30,283 - main - INFO - Automatically deleted image file: temp_images/test_57400107062024.tiff
2024-06-07 13:11:30,283 - main - INFO - Automatically deleted image file: temp_images/test_57400107062024.webp
2024-06-07 13:11:30,283 - main - INFO - Automatically deleted image file: temp_images/test_57450107062024.tiff
2024-06-07 13:11:30,283 - main - INFO - Automatically deleted image file: temp_images/test_57450107062024.webp
2024-06-07 13:11:30,284 - main - INFO - Automatically deleted image file: temp_images/test_57510107062024.bmp
2024-06-07 13:11:30,284 - main - INFO - Automatically deleted image file: temp_images/test_57510107062024.gif
2024-06-07 13:11:30,284 - main - INFO - Automatically deleted image file: temp_images/test_57510107062024.ico
2024-06-07 13:11:30,284 - main - INFO - Automatically deleted image file: temp_images/test_57510107062024.jpeg
2024-06-07 13:11:30,284 - main - INFO - Automatically deleted image file: temp_images/test_57510107062024.pcx
2024-06-07 13:11:30,284 - main - INFO - Automatically deleted image file: temp_images/test_57510107062024.ppm
2024-06-07 13:11:30,284 - main - INFO - Automatically deleted image file: temp_images/test_58360107062024.bmp
2024-06-07 13:11:30,285 - main - INFO - Automatically deleted image file: temp_images/test_58360107062024.gif
2024-06-07 13:11:30,285 - main - INFO - Automatically deleted image file: temp_images/test_58360107062024.jpeg
2024-06-07 13:11:30,285 - main - INFO - Automatically deleted image file: temp_images/test_58400107062024.ppm
2024-06-07 13:11:30,285 - main - INFO - Automatically deleted image file: temp_images/test_58400107062024.sgi
2024-06-07 13:11:30,285 - main - INFO - Automatically deleted image file: temp_images/test_58400107062024.tiff
2024-06-07 13:11:30,286 - main - INFO - Automatically deleted image file: temp_images/test_58400107062024.webp
2024-06-07 13:11:30,286 - main - INFO - Automatically deleted image file: temp_images/test_58450107062024.bmp
2024-06-07 13:11:30,286 - main - INFO - Automatically deleted image file: temp_images/test_58450107062024.gif
2024-06-07 13:11:30,286 - main - INFO - Automatically deleted image file: temp_images/test_58450107062024.ico
2024-06-07 13:11:30,286 - main - INFO - Automatically deleted image file: temp_images/test_58450107062024.jpeg
2024-06-07 13:11:30,287 - main - INFO - Automatically deleted image file: temp_images/test_58510107062024.bmp
2024-06-07 13:11:30,287 - main - INFO - Automatically deleted image file: temp_images/test_58510107062024.gif
2024-06-07 13:11:30,287 - main - INFO - Automatically deleted image file: temp_images/test_58510107062024.ico
2024-06-07 13:11:30,287 - main - INFO - Automatically deleted image file: temp_images/test_58510107062024.jpeg
2024-06-07 13:11:30,287 - main - INFO - Automatically deleted image file: temp_images/test_58510107062024.sgi
2024-06-07 13:11:30,287 - main - INFO - Automatically deleted image file: temp_images/test_58510107062024.tiff
2024-06-07 13:11:30,287 - main - INFO - Automatically deleted image file: temp_images/test_58510107062024.webp
2024-06-07 13:11:30,287 - main - INFO - Automatically deleted image file: temp_images/test_59360107062024.bmp
2024-06-07 13:11:30,288 - main - INFO - Automatically deleted image file: temp_images/test_59360107062024.gif
2024-06-07 13:11:30,288 - main - INFO - Automatically deleted image file: temp_images/test_59360107062024.jpeg
2024-06-07 13:11:30,288 - main - INFO - Automatically deleted image file: temp_images/test_59400107062024.pcx
2024-06-07 13:11:30,288 - main - INFO - Automatically deleted image file: temp_images/test_59450107062024.bmp
2024-06-07 13:11:30,288 - main - INFO - Automatically deleted image file: temp_images/test_59450107062024.gif
2024-06-07 13:11:30,288 - main - INFO - Automatically deleted image file: temp_images/test_59450107062024.ico
2024-06-07 13:11:30,288 - main - INFO - Automatically deleted image file: temp_images/test_59450107062024.pcx
2024-06-07 13:11:30,289 - main - INFO - Automatically deleted image file: temp_images/test_59450107062024.ppm
2024-06-07 13:11:30,289 - main - INFO - Automatically deleted image file: temp_images/test_59450107062024.sgi
2024-06-07 13:11:30,289 - main - INFO - Automatically deleted image file: temp_images/test_59450107062024.tiff
2024-06-07 13:11:30,289 - main - INFO - Automatically deleted image file: temp_images/test_59450107062024.webp
2024-06-07 13:11:30,289 - main - INFO - Automatically deleted image file: temp_images/test_59510107062024.bmp
2024-06-07 13:11:30,289 - main - INFO - Automatically deleted image file: temp_images/test_59510107062024.gif
2024-06-07 13:11:30,289 - main - INFO - Automatically deleted image file: temp_images/test_59510107062024.ico
2024-06-07 13:11:30,289 - main - INFO - Automatically deleted image file: temp_images/test_59510107062024.jpeg
2024-06-07 13:11:30,290 - main - INFO - Automatically deleted image file: temp_images/test_59510107062024.pcx
2024-06-07 13:11:30,290 - main - INFO - Automatically deleted image file: temp_images/test_59510107062024.png
2024-06-07 13:11:30,290 - main - INFO - Automatically deleted image file: temp_images/test_59510107062024.ppm
2024-06-07 13:11:30,290 - main - INFO - Automatically deleted image file: temp_images/test_59510107062024.sgi
2024-06-07 13:11:30,290 - main - INFO - Automatically deleted image file: temp_images/test_59510107062024.tiff
2024-06-07 13:11:30,290 - main - INFO - Automatically deleted image file: temp_images/test_59510107062024.webp
2024-06-07 13:11:30,290 - main - INFO - Automatically deleted image file: temp_images/test_00460107062024.ppm
2024-06-07 13:11:30,291 - main - INFO - Automatically deleted image file: temp_images/test_00460107062024.sgi
2024-06-07 13:11:30,291 - main - INFO - Automatically deleted image file: temp_images/test_00460107062024.tiff
2024-06-07 13:11:30,291 - main - INFO - Automatically deleted image file: temp_images/test_00460107062024.webp
2024-06-07 13:11:30,291 - main - INFO - Automatically deleted image file: temp_images/test_00520107062024.bmp
2024-06-07 13:11:30,291 - main - INFO - Automatically deleted image file: temp_images/test_00520107062024.gif
2024-06-07 13:11:30,291 - main - INFO - Automatically deleted image file: temp_images/test_00520107062024.ico
2024-06-07 13:11:30,291 - main - INFO - Automatically deleted image file: temp_images/test_00520107062024.ppm
2024-06-07 13:11:30,292 - main - INFO - Automatically deleted image file: temp_images/test_00520107062024.sgi
2024-06-07 13:11:30,292 - main - INFO - Automatically deleted image file: temp_images/test_00520107062024.tiff
2024-06-07 13:11:30,292 - main - INFO - Automatically deleted image file: temp_images/test_00520107062024.webp
2024-06-07 13:11:30,292 - main - INFO - Automatically deleted image file: temp_images/test_00560107062024.gif
2024-06-07 13:11:30,292 - main - INFO - Automatically deleted image file: temp_images/test_01370107062024.gif
2024-06-07 13:11:30,292 - main - INFO - Automatically deleted image file: temp_images/test_01370107062024.jpeg
2024-06-07 13:11:30,293 - main - INFO - Automatically deleted image file: temp_images/test_01370107062024.png
2024-06-07 13:11:30,293 - main - INFO - Automatically deleted image file: temp_images/test_01390107062024.ppm
2024-06-07 13:11:30,293 - main - INFO - Automatically deleted image file: temp_images/test_01390107062024.sgi
2024-06-07 13:11:30,293 - main - INFO - Automatically deleted image file: temp_images/test_09390107062024.pcx
2024-06-07 13:11:30,294 - main - INFO - Automatically deleted image file: temp_images/test_09390107062024.png
2024-06-07 13:11:30,294 - main - INFO - Automatically deleted image file: temp_images/test_09390107062024.ppm
2024-06-07 13:11:30,294 - main - INFO - Automatically deleted image file: temp_images/test_09390107062024.sgi
2024-06-07 13:11:30,294 - main - INFO - Automatically deleted image file: temp_images/test_09390107062024.tiff
2024-06-07 13:11:30,294 - main - INFO - Automatically deleted image file: temp_images/test_09390107062024.webp
2024-06-07 13:11:30,294 - main - INFO - Automatically deleted image file: temp_images/test_09550107062024.bmp
2024-06-07 13:11:30,295 - main - INFO - Automatically deleted image file: temp_images/test_09550107062024.gif
2024-06-07 13:11:30,295 - main - INFO - Automatically deleted image file: temp_images/test_09550107062024.ico
2024-06-07 13:11:30,295 - main - INFO - Automatically deleted image file: temp_images/test_09550107062024.jpeg
2024-06-07 13:11:30,296 - main - INFO - Automatically deleted image file: temp_images/test_09550107062024.pcx
2024-06-07 13:11:30,296 - main - INFO - Automatically deleted image file: temp_images/test_09550107062024.png
2024-06-07 13:11:30,296 - main - INFO - Automatically deleted image file: temp_images/test_09550107062024.ppm
2024-06-07 13:11:30,296 - main - INFO - Automatically deleted image file: temp_images/test_09550107062024.sgi
2024-06-07 13:11:30,296 - main - INFO - Automatically deleted image file: temp_images/test_09550107062024.tiff
2024-06-07 13:11:30,296 - main - INFO - Automatically deleted image file: temp_images/test_09550107062024.webp
2024-06-07 13:11:30,297 - main - INFO - Automatically deleted image file: temp_images/test_09560107062024.bmp
2024-06-07 13:11:30,297 - main - INFO - Automatically deleted image file: temp_images/test_09560107062024.gif
2024-06-07 13:11:30,297 - main - INFO - Automatically deleted image file: temp_images/test_09560107062024.ico
2024-06-07 13:11:30,297 - main - INFO - Automatically deleted image file: temp_images/test_09560107062024.jpeg
2024-06-07 13:11:30,297 - main - INFO - Automatically deleted image file: temp_images/test_09560107062024.pcx
2024-06-07 13:11:30,298 - main - INFO - Automatically deleted image file: temp_images/test_09560107062024.png
2024-06-07 13:11:30,298 - main - INFO - Automatically deleted image file: temp_images/test_09560107062024.sgi
2024-06-07 13:11:30,298 - main - INFO - Automatically deleted image file: temp_images/test_09560107062024.tiff
2024-06-07 13:11:30,298 - main - INFO - Automatically deleted image file: temp_images/test_09560107062024.webp
2024-06-07 13:11:30,298 - main - INFO - Automatically deleted image file: temp_images/test_10370107062024.sgi
2024-06-07 13:11:30,298 - main - INFO - Automatically deleted image file: temp_images/test_10370107062024.tiff
2024-06-07 13:11:30,298 - main - INFO - Automatically deleted image file: temp_images/test_11560107062024.gif
2024-06-07 13:11:30,299 - main - INFO - Automatically deleted image file: temp_images/test_11560107062024.ico
2024-06-07 13:11:30,299 - main - INFO - Automatically deleted image file: temp_images/test_11560107062024.jpeg
2024-06-07 13:11:30,299 - main - INFO - Automatically deleted image file: temp_images/test_12390107062024.ppm
2024-06-07 13:11:30,299 - main - INFO - Automatically deleted image file: temp_images/test_12550107062024.ico
2024-06-07 13:11:30,299 - main - INFO - Automatically deleted image file: temp_images/test_12550107062024.jpeg
2024-06-07 13:11:30,299 - main - INFO - Automatically deleted image file: temp_images/test_12550107062024.png
2024-06-07 13:11:30,299 - main - INFO - Automatically deleted image file: temp_images/test_12550107062024.ppm
2024-06-07 13:11:30,300 - main - INFO - Automatically deleted image file: temp_images/test_12560107062024.jpeg
2024-06-07 13:11:30,300 - main - INFO - Automatically deleted image file: temp_images/test_12560107062024.pcx
2024-06-07 13:11:30,300 - main - INFO - Automatically deleted image file: temp_images/test_12560107062024.png
2024-06-07 13:11:30,300 - main - INFO - Automatically deleted image file: temp_images/test_13390107062024.sgi
2024-06-07 13:11:30,300 - main - INFO - Automatically deleted image file: temp_images/test_13390107062024.tiff
2024-06-07 13:11:30,300 - main - INFO - Automatically deleted image file: temp_images/test_13550107062024.sgi
2024-06-07 13:11:30,300 - main - INFO - Automatically deleted image file: temp_images/test_13550107062024.tiff
2024-06-07 13:11:30,301 - main - INFO - Automatically deleted image file: temp_images/test_13560107062024.ppm
2024-06-07 13:11:30,301 - main - INFO - Automatically deleted image file: temp_images/test_14550107062024.tiff
2024-06-07 13:11:30,301 - main - INFO - Automatically deleted image file: temp_images/test_14550107062024.webp
2024-06-07 13:11:30,301 - main - INFO - Automatically deleted image file: temp_images/test_14560107062024.sgi
2024-06-07 13:11:30,301 - main - INFO - Automatically deleted image file: temp_images/test_14560107062024.tiff
2024-06-07 13:11:30,301 - main - INFO - Automatically deleted image file: temp_images/test_15550107062024.bmp
2024-06-07 13:11:30,301 - main - INFO - Automatically deleted image file: temp_images/test_15550107062024.gif
2024-06-07 13:11:30,301 - main - INFO - Automatically deleted image file: temp_images/test_15550107062024.ico
2024-06-07 13:11:30,302 - main - INFO - Automatically deleted image file: temp_images/test_15550107062024.jpeg
2024-06-07 13:11:30,302 - main - INFO - Automatically deleted image file: temp_images/test_46380107062024.bmp
2024-06-07 13:11:30,302 - main - INFO - Automatically deleted image file: temp_images/test_47380107062024.pcx
2024-06-07 13:11:30,302 - main - INFO - Automatically deleted image file: temp_images/test_50400107062024.jpeg
2024-06-07 13:11:30,302 - main - INFO - Automatically deleted image file: temp_images/test_51400107062024.tiff
2024-06-07 13:11:30,302 - main - INFO - Automatically deleted image file: temp_images/test_52180107062024.tiff
2024-06-07 13:11:30,302 - main - INFO - Automatically deleted image file: temp_images/test_53400107062024.gif
2024-06-07 13:11:30,303 - main - INFO - Automatically deleted image file: temp_images/test_54400107062024.ppm
2024-06-07 13:11:30,303 - main - INFO - Automatically deleted image file: temp_images/test_56400107062024.jpeg
2024-06-07 13:11:30,303 - main - INFO - Automatically deleted image file: temp_images/test_57400107062024.jpeg
2024-06-07 13:11:30,303 - main - INFO - Automatically deleted image file: temp_images/test_58360107062024.pcx
2024-06-07 13:11:30,303 - main - INFO - Automatically deleted image file: temp_images/test_58400107062024.png
2024-06-07 13:11:30,303 - main - INFO - Automatically deleted image file: temp_images/test_59360107062024.pcx
2024-06-07 13:11:30,304 - main - INFO - Automatically deleted image file: temp_images/test_59400107062024.jpeg
2024-06-07 13:11:30,304 - main - INFO - Automatically deleted image file: temp_images/test_15550107062024.ppm
2024-06-07 13:11:30,304 - main - INFO - Automatically deleted image file: temp_images/test_15550107062024.sgi
2024-06-07 13:11:30,304 - main - INFO - Automatically deleted image file: temp_images/test_16550107062024.bmp
2024-06-07 13:11:30,304 - main - INFO - Automatically deleted image file: temp_images/test_16550107062024.gif
2024-06-07 13:11:30,304 - main - INFO - Automatically deleted image file: temp_images/test_16550107062024.ico
2024-06-07 13:11:30,304 - main - INFO - Automatically deleted image file: temp_images/test_16550107062024.jpeg
2024-06-07 13:11:30,304 - main - INFO - Automatically deleted image file: temp_images/test_16550107062024.pcx
2024-06-07 13:11:30,305 - main - INFO - Automatically deleted image file: temp_images/test_16550107062024.png
2024-06-07 13:11:30,305 - main - INFO - Automatically deleted image file: temp_images/test_16550107062024.sgi
2024-06-07 13:11:30,305 - main - INFO - Automatically deleted image file: temp_images/test_16550107062024.tiff
2024-06-07 13:11:30,305 - main - INFO - Automatically deleted image file: temp_images/test_16550107062024.webp
2024-06-07 13:11:30,305 - main - INFO - Automatically deleted image file: temp_images/test_17550107062024.bmp
2024-06-07 13:11:30,305 - main - INFO - Automatically deleted image file: temp_images/test_17550107062024.gif
2024-06-07 13:11:30,305 - main - INFO - Automatically deleted image file: temp_images/test_17550107062024.ico
2024-06-07 13:11:30,305 - main - INFO - Automatically deleted image file: temp_images/test_17550107062024.jpeg
2024-06-07 13:11:30,306 - main - INFO - Automatically deleted image file: temp_images/test_17550107062024.png
2024-06-07 13:11:30,306 - main - INFO - Automatically deleted image file: temp_images/test_17550107062024.ppm
2024-06-07 13:11:30,306 - main - INFO - Automatically deleted image file: temp_images/test_17550107062024.sgi
2024-06-07 13:11:30,306 - main - INFO - Automatically deleted image file: temp_images/test_17550107062024.tiff
2024-06-07 13:11:30,306 - main - INFO - Automatically deleted image file: temp_images/test_17550107062024.webp
2024-06-07 13:11:30,306 - main - INFO - Automatically deleted image file: temp_images/test_18170107062024.png
2024-06-07 13:11:30,306 - main - INFO - Automatically deleted image file: temp_images/test_18550107062024.gif
2024-06-07 13:11:30,307 - main - INFO - Automatically deleted image file: temp_images/test_18550107062024.ico
2024-06-07 13:11:30,307 - main - INFO - Automatically deleted image file: temp_images/test_19550107062024.jpeg
2024-06-07 13:11:30,307 - main - INFO - Automatically deleted image file: temp_images/test_19550107062024.pcx
2024-06-07 13:11:30,307 - main - INFO - Automatically deleted image file: temp_images/test_19550107062024.png
2024-06-07 13:11:30,307 - main - INFO - Automatically deleted image file: temp_images/test_20110107062024.jpeg
2024-06-07 13:11:30,307 - main - INFO - Automatically deleted image file: temp_images/test_21200107062024.tiff
2024-06-07 13:11:30,308 - main - INFO - Automatically deleted image file: temp_images/test_21550107062024.ppm
2024-06-07 13:11:30,308 - main - INFO - Automatically deleted image file: temp_images/test_21550107062024.sgi
2024-06-07 13:11:30,308 - main - INFO - Automatically deleted image file: temp_images/test_03370107062024.tiff
2024-06-07 13:11:30,308 - main - INFO - Automatically deleted image file: temp_images/test_03370107062024.webp
2024-06-07 13:11:30,308 - main - INFO - Automatically deleted image file: temp_images/test_03390107062024.bmp
2024-06-07 13:11:30,308 - main - INFO - Automatically deleted image file: temp_images/test_03390107062024.gif
2024-06-07 13:11:30,308 - main - INFO - Automatically deleted image file: temp_images/test_03390107062024.jpeg
2024-06-07 13:11:30,309 - main - INFO - Automatically deleted image file: temp_images/test_03390107062024.pcx
2024-06-07 13:11:30,309 - main - INFO - Automatically deleted image file: temp_images/test_03390107062024.png
2024-06-07 13:11:30,309 - main - INFO - Automatically deleted image file: temp_images/test_03390107062024.ppm
2024-06-07 13:11:30,309 - main - INFO - Automatically deleted image file: temp_images/test_03390107062024.sgi
2024-06-07 13:11:30,309 - main - INFO - Automatically deleted image file: temp_images/test_03390107062024.tiff
2024-06-07 13:11:30,309 - main - INFO - Automatically deleted image file: temp_images/test_03390107062024.webp
2024-06-07 13:11:30,309 - main - INFO - Automatically deleted image file: temp_images/test_03520107062024.ppm
2024-06-07 13:11:30,309 - main - INFO - Automatically deleted image file: temp_images/test_03520107062024.sgi
2024-06-07 13:11:30,310 - main - INFO - Automatically deleted image file: temp_images/test_03520107062024.tiff
2024-06-07 13:11:30,310 - main - INFO - Automatically deleted image file: temp_images/test_03560107062024.gif
2024-06-07 13:11:30,310 - main - INFO - Automatically deleted image file: temp_images/test_03560107062024.ico
2024-06-07 13:11:30,310 - main - INFO - Automatically deleted image file: temp_images/test_03560107062024.jpeg
2024-06-07 13:11:30,310 - main - INFO - Automatically deleted image file: temp_images/test_03560107062024.pcx
2024-06-07 13:11:30,310 - main - INFO - Automatically deleted image file: temp_images/test_03560107062024.png
2024-06-07 13:11:30,310 - main - INFO - Automatically deleted image file: temp_images/test_03560107062024.ppm
2024-06-07 13:11:30,310 - main - INFO - Automatically deleted image file: temp_images/test_22550107062024.tiff
2024-06-07 13:11:30,310 - main - INFO - Automatically deleted image file: temp_images/test_22580107062024.gif
2024-06-07 13:11:30,311 - main - INFO - Automatically deleted image file: temp_images/test_22580107062024.ico
2024-06-07 13:11:30,311 - main - INFO - Automatically deleted image file: temp_images/test_22580107062024.jpeg
2024-06-07 13:11:30,311 - main - INFO - Automatically deleted image file: temp_images/test_22580107062024.pcx
2024-06-07 13:11:30,311 - main - INFO - Automatically deleted image file: temp_images/test_22580107062024.png
2024-06-07 13:11:30,311 - main - INFO - Automatically deleted image file: temp_images/test_22580107062024.ppm
2024-06-07 13:11:30,311 - main - INFO - Automatically deleted image file: temp_images/test_22580107062024.sgi
2024-06-07 13:11:30,311 - main - INFO - Automatically deleted image file: temp_images/test_22580107062024.tiff
2024-06-07 13:11:30,311 - main - INFO - Automatically deleted image file: temp_images/test_23580107062024.bmp
2024-06-07 13:11:30,312 - main - INFO - Automatically deleted image file: temp_images/test_23580107062024.gif
2024-06-07 13:11:30,312 - main - INFO - Automatically deleted image file: temp_images/test_23580107062024.ico
2024-06-07 13:11:30,312 - main - INFO - Automatically deleted image file: temp_images/test_23580107062024.jpeg
2024-06-07 13:11:30,312 - main - INFO - Automatically deleted image file: temp_images/test_23580107062024.pcx
2024-06-07 13:11:30,312 - main - INFO - Automatically deleted image file: temp_images/test_23580107062024.png
2024-06-07 13:11:30,312 - main - INFO - Automatically deleted image file: temp_images/test_29560107062024.sgi
2024-06-07 13:11:30,312 - main - INFO - Automatically deleted image file: temp_images/test_29560107062024.tiff
2024-06-07 13:11:30,313 - main - INFO - Automatically deleted image file: temp_images/test_29560107062024.webp
2024-06-07 13:11:30,313 - main - INFO - Automatically deleted image file: temp_images/test_29570107062024.jpeg
2024-06-07 13:11:30,313 - main - INFO - Automatically deleted image file: temp_images/test_29570107062024.pcx
2024-06-07 13:11:30,313 - main - INFO - Automatically deleted image file: temp_images/test_29570107062024.png
2024-06-07 13:11:30,314 - main - INFO - Automatically deleted image file: temp_images/test_29570107062024.ppm
2024-06-07 13:11:30,314 - main - INFO - Automatically deleted image file: temp_images/test_29570107062024.sgi
2024-06-07 13:11:30,314 - main - INFO - Automatically deleted image file: temp_images/test_29570107062024.tiff
2024-06-07 13:11:30,314 - main - INFO - Automatically deleted image file: temp_images/test_29570107062024.webp
2024-06-07 13:11:30,314 - main - INFO - Automatically deleted image file: temp_images/test_29580107062024.bmp
2024-06-07 13:11:30,315 - main - INFO - Automatically deleted image file: temp_images/test_29580107062024.gif
2024-06-07 13:11:30,315 - main - INFO - Automatically deleted image file: temp_images/test_29580107062024.ico
2024-06-07 13:11:30,315 - main - INFO - Automatically deleted image file: temp_images/test_29580107062024.jpeg
2024-06-07 13:11:30,315 - main - INFO - Automatically deleted image file: temp_images/test_29580107062024.pcx
2024-06-07 13:11:30,315 - main - INFO - Automatically deleted image file: temp_images/test_29580107062024.png
2024-06-07 13:11:30,315 - main - INFO - Automatically deleted image file: temp_images/test_29580107062024.ppm
2024-06-07 13:11:30,315 - main - INFO - Automatically deleted image file: temp_images/test_29580107062024.sgi
2024-06-07 13:11:30,316 - main - INFO - Automatically deleted image file: temp_images/test_29580107062024.tiff
2024-06-07 13:11:30,316 - main - INFO - Automatically deleted image file: temp_images/test_29580107062024.webp
2024-06-07 13:11:30,316 - main - INFO - Automatically deleted image file: temp_images/test_30560107062024.bmp
2024-06-07 13:11:30,316 - main - INFO - Automatically deleted image file: temp_images/test_30560107062024.gif
2024-06-07 13:11:30,316 - main - INFO - Automatically deleted image file: temp_images/test_30560107062024.ico
2024-06-07 13:11:30,316 - main - INFO - Automatically deleted image file: temp_images/test_30560107062024.jpeg
2024-06-07 13:11:30,316 - main - INFO - Automatically deleted image file: temp_images/test_30560107062024.pcx
2024-06-07 13:11:30,317 - main - INFO - Automatically deleted image file: temp_images/test_35560107062024.jpeg
2024-06-07 13:11:30,317 - main - INFO - Automatically deleted image file: temp_images/test_35560107062024.pcx
2024-06-07 13:11:30,317 - main - INFO - Automatically deleted image file: temp_images/test_35560107062024.ppm
2024-06-07 13:11:30,317 - main - INFO - Automatically deleted image file: temp_images/test_35560107062024.sgi
2024-06-07 13:11:30,318 - main - INFO - Automatically deleted image file: temp_images/test_35570107062024.tiff
2024-06-07 13:11:30,318 - main - INFO - Automatically deleted image file: temp_images/test_35570107062024.webp
2024-06-07 13:11:30,318 - main - INFO - Automatically deleted image file: temp_images/test_35580107062024.tiff
2024-06-07 13:11:30,318 - main - INFO - Automatically deleted image file: temp_images/test_36440107062024.bmp
2024-06-07 13:11:30,318 - main - INFO - Automatically deleted image file: temp_images/test_36440107062024.gif
2024-06-07 13:11:30,318 - main - INFO - Automatically deleted image file: temp_images/test_36440107062024.ico
2024-06-07 13:11:30,319 - main - INFO - Automatically deleted image file: temp_images/test_36440107062024.webp
2024-06-07 13:11:30,319 - main - INFO - Automatically deleted image file: temp_images/test_36560107062024.bmp
2024-06-07 13:11:30,319 - main - INFO - Automatically deleted image file: temp_images/test_36560107062024.gif
2024-06-07 13:11:30,319 - main - INFO - Automatically deleted image file: temp_images/test_36560107062024.ico
2024-06-07 13:11:30,319 - main - INFO - Automatically deleted image file: temp_images/test_36560107062024.jpeg
2024-06-07 13:11:30,319 - main - INFO - Automatically deleted image file: temp_images/test_36560107062024.pcx
2024-06-07 13:11:30,320 - main - INFO - Automatically deleted image file: temp_images/test_36560107062024.png
2024-06-07 13:11:30,320 - main - INFO - Automatically deleted image file: temp_images/test_36560107062024.sgi
2024-06-07 13:11:30,320 - main - INFO - Automatically deleted image file: temp_images/test_36560107062024.webp
2024-06-07 13:11:30,320 - main - INFO - Automatically deleted image file: temp_images/test_36570107062024.bmp
2024-06-07 13:11:30,320 - main - INFO - Automatically deleted image file: temp_images/test_36570107062024.gif
2024-06-07 13:11:30,321 - main - INFO - Automatically deleted image file: temp_images/test_36570107062024.ico
2024-06-07 13:11:30,321 - main - INFO - Automatically deleted image file: temp_images/test_36570107062024.jpeg
2024-06-07 13:11:30,321 - main - INFO - Automatically deleted image file: temp_images/test_37440107062024.jpeg
2024-06-07 13:11:30,321 - main - INFO - Automatically deleted image file: temp_images/test_37440107062024.png
2024-06-07 13:11:30,321 - main - INFO - Automatically deleted image file: temp_images/test_37440107062024.ppm
2024-06-07 13:11:30,321 - main - INFO - Automatically deleted image file: temp_images/test_37560107062024.bmp
2024-06-07 13:11:30,321 - main - INFO - Automatically deleted image file: temp_images/test_37560107062024.gif
2024-06-07 13:11:30,322 - main - INFO - Automatically deleted image file: temp_images/test_37560107062024.ico
2024-06-07 13:11:30,322 - main - INFO - Automatically deleted image file: temp_images/test_37560107062024.jpeg
2024-06-07 13:11:30,322 - main - INFO - Automatically deleted image file: temp_images/test_37560107062024.pcx
2024-06-07 13:11:30,322 - main - INFO - Automatically deleted image file: temp_images/test_37560107062024.png
2024-06-07 13:11:30,322 - main - INFO - Automatically deleted image file: temp_images/test_37560107062024.ppm
2024-06-07 13:11:30,322 - main - INFO - Automatically deleted image file: temp_images/test_37560107062024.sgi
2024-06-07 13:11:30,323 - main - INFO - Automatically deleted image file: temp_images/test_37560107062024.tiff
2024-06-07 13:11:30,323 - main - INFO - Automatically deleted image file: temp_images/test_37560107062024.webp
2024-06-07 13:11:30,323 - main - INFO - Automatically deleted image file: temp_images/test_37570107062024.pcx
2024-06-07 13:11:30,323 - main - INFO - Automatically deleted image file: temp_images/test_37570107062024.ppm
2024-06-07 13:11:30,323 - main - INFO - Automatically deleted image file: temp_images/test_37570107062024.sgi
2024-06-07 13:11:30,324 - main - INFO - Automatically deleted image file: temp_images/test_37570107062024.tiff
2024-06-07 13:11:30,324 - main - INFO - Automatically deleted image file: temp_images/test_37570107062024.webp
2024-06-07 13:11:30,324 - main - INFO - Automatically deleted image file: temp_images/test_38380107062024.gif
2024-06-07 13:11:30,324 - main - INFO - Automatically deleted image file: temp_images/test_30570107062024.bmp
2024-06-07 13:11:30,324 - main - INFO - Automatically deleted image file: temp_images/test_30570107062024.gif
2024-06-07 13:11:30,324 - main - INFO - Automatically deleted image file: temp_images/test_30570107062024.ico
2024-06-07 13:11:30,325 - main - INFO - Automatically deleted image file: temp_images/test_30570107062024.jpeg
2024-06-07 13:11:30,325 - main - INFO - Automatically deleted image file: temp_images/test_30570107062024.pcx
2024-06-07 13:11:30,325 - main - INFO - Automatically deleted image file: temp_images/test_30570107062024.png
2024-06-07 13:11:30,325 - main - INFO - Automatically deleted image file: temp_images/test_30570107062024.ppm
2024-06-07 13:11:30,325 - main - INFO - Automatically deleted image file: temp_images/test_30570107062024.sgi
2024-06-07 13:11:30,326 - main - INFO - Automatically deleted image file: temp_images/test_30570107062024.tiff
2024-06-07 13:11:30,326 - main - INFO - Automatically deleted image file: temp_images/test_30570107062024.webp
2024-06-07 13:11:30,326 - main - INFO - Automatically deleted image file: temp_images/test_30580107062024.bmp
2024-06-07 13:11:30,326 - main - INFO - Automatically deleted image file: temp_images/test_30580107062024.gif
2024-06-07 13:11:30,326 - main - INFO - Automatically deleted image file: temp_images/test_30580107062024.ico
2024-06-07 13:11:30,326 - main - INFO - Automatically deleted image file: temp_images/test_30580107062024.jpeg
2024-06-07 13:11:30,326 - main - INFO - Automatically deleted image file: temp_images/test_30580107062024.pcx
2024-06-07 13:11:30,327 - main - INFO - Automatically deleted image file: temp_images/test_30580107062024.png
2024-06-07 13:11:30,327 - main - INFO - Automatically deleted image file: temp_images/test_30580107062024.ppm
2024-06-07 13:11:30,327 - main - INFO - Automatically deleted image file: temp_images/test_30580107062024.sgi
2024-06-07 13:11:30,327 - main - INFO - Automatically deleted image file: temp_images/test_30580107062024.tiff
2024-06-07 13:11:30,327 - main - INFO - Automatically deleted image file: temp_images/test_30580107062024.webp
2024-06-07 13:11:30,327 - main - INFO - Automatically deleted image file: temp_images/test_33440107062024.pcx
2024-06-07 13:11:30,328 - main - INFO - Automatically deleted image file: temp_images/test_33440107062024.png
2024-06-07 13:11:30,328 - main - INFO - Automatically deleted image file: temp_images/test_33440107062024.ppm
2024-06-07 13:11:30,328 - main - INFO - Automatically deleted image file: temp_images/test_33440107062024.sgi
2024-06-07 13:11:30,328 - main - INFO - Automatically deleted image file: temp_images/test_33440107062024.tiff
2024-06-07 13:11:30,328 - main - INFO - Automatically deleted image file: temp_images/test_33440107062024.webp
2024-06-07 13:11:30,329 - main - INFO - Automatically deleted image file: temp_images/test_33560107062024.ppm
2024-06-07 13:11:30,329 - main - INFO - Automatically deleted image file: temp_images/test_33560107062024.sgi
2024-06-07 13:11:30,329 - main - INFO - Automatically deleted image file: temp_images/test_33560107062024.tiff
2024-06-07 13:11:30,329 - main - INFO - Automatically deleted image file: temp_images/test_33570107062024.gif
2024-06-07 13:11:30,329 - main - INFO - Automatically deleted image file: temp_images/test_33570107062024.ico
2024-06-07 13:11:30,329 - main - INFO - Automatically deleted image file: temp_images/test_33570107062024.jpeg
2024-06-07 13:11:30,330 - main - INFO - Automatically deleted image file: temp_images/test_33570107062024.png
2024-06-07 13:11:30,330 - main - INFO - Automatically deleted image file: temp_images/test_34440107062024.bmp
2024-06-07 13:11:30,330 - main - INFO - Automatically deleted image file: temp_images/test_34440107062024.gif
2024-06-07 13:11:30,330 - main - INFO - Automatically deleted image file: temp_images/test_39380107062024.jpeg
2024-06-07 13:11:30,330 - main - INFO - Automatically deleted image file: temp_images/test_39380107062024.pcx
2024-06-07 13:11:30,330 - main - INFO - Automatically deleted image file: temp_images/test_39380107062024.png
2024-06-07 13:11:30,330 - main - INFO - Automatically deleted image file: temp_images/test_39380107062024.ppm
2024-06-07 13:11:30,331 - main - INFO - Automatically deleted image file: temp_images/test_39380107062024.sgi
2024-06-07 13:11:30,331 - main - INFO - Automatically deleted image file: temp_images/test_39380107062024.tiff
2024-06-07 13:11:30,331 - main - INFO - Automatically deleted image file: temp_images/test_39380107062024.webp
2024-06-07 13:11:30,331 - main - INFO - Automatically deleted image file: temp_images/test_39440107062024.bmp
2024-06-07 13:11:30,331 - main - INFO - Automatically deleted image file: temp_images/test_39440107062024.tiff
2024-06-07 13:11:30,331 - main - INFO - Automatically deleted image file: temp_images/test_39440107062024.webp
2024-06-07 13:11:30,331 - main - INFO - Automatically deleted image file: temp_images/test_39560107062024.jpeg
2024-06-07 13:11:30,332 - main - INFO - Automatically deleted image file: temp_images/test_39560107062024.pcx
2024-06-07 13:11:30,332 - main - INFO - Automatically deleted image file: temp_images/test_39560107062024.png
2024-06-07 13:11:30,332 - main - INFO - Automatically deleted image file: temp_images/test_39570107062024.bmp
2024-06-07 13:11:30,332 - main - INFO - Automatically deleted image file: temp_images/test_39570107062024.gif
2024-06-07 13:11:30,332 - main - INFO - Automatically deleted image file: temp_images/test_39570107062024.ico
2024-06-07 13:11:30,332 - main - INFO - Automatically deleted image file: temp_images/test_39570107062024.jpeg
2024-06-07 13:11:30,333 - main - INFO - Automatically deleted image file: temp_images/test_39570107062024.pcx
2024-06-07 13:11:30,333 - main - INFO - Automatically deleted image file: temp_images/test_39570107062024.png
2024-06-07 13:11:30,333 - main - INFO - Automatically deleted image file: temp_images/test_39570107062024.ppm
2024-06-07 13:11:30,333 - main - INFO - Automatically deleted image file: temp_images/test_39570107062024.sgi
2024-06-07 13:11:30,333 - main - INFO - Automatically deleted image file: temp_images/test_39570107062024.tiff
2024-06-07 13:11:30,333 - main - INFO - Automatically deleted image file: temp_images/test_39570107062024.webp
2024-06-07 13:11:30,334 - main - INFO - Automatically deleted image file: temp_images/test_40380107062024.gif
2024-06-07 13:11:30,334 - main - INFO - Automatically deleted image file: temp_images/test_28560107062024.jpeg
2024-06-07 13:11:30,334 - main - INFO - Automatically deleted image file: temp_images/test_28560107062024.pcx
2024-06-07 13:11:30,334 - main - INFO - Automatically deleted image file: temp_images/test_28560107062024.png
2024-06-07 13:11:30,334 - main - INFO - Automatically deleted image file: temp_images/test_28560107062024.ppm
2024-06-07 13:11:30,334 - main - INFO - Automatically deleted image file: temp_images/test_28560107062024.sgi
2024-06-07 13:11:30,334 - main - INFO - Automatically deleted image file: temp_images/test_28560107062024.tiff
2024-06-07 13:11:30,335 - main - INFO - Automatically deleted image file: temp_images/test_28570107062024.gif
2024-06-07 13:11:30,335 - main - INFO - Automatically deleted image file: temp_images/test_28570107062024.ico
2024-06-07 13:11:30,335 - main - INFO - Automatically deleted image file: temp_images/test_28580107062024.bmp
2024-06-07 13:11:30,335 - main - INFO - Automatically deleted image file: temp_images/test_28580107062024.gif
2024-06-07 13:11:30,335 - main - INFO - Automatically deleted image file: temp_images/test_28580107062024.ico
2024-06-07 13:11:30,335 - main - INFO - Automatically deleted image file: temp_images/test_28580107062024.jpeg
2024-06-07 13:11:30,335 - main - INFO - Automatically deleted image file: temp_images/test_28580107062024.pcx
2024-06-07 13:11:30,336 - main - INFO - Automatically deleted image file: temp_images/test_29560107062024.bmp
2024-06-07 13:11:30,336 - main - INFO - Automatically deleted image file: temp_images/test_29560107062024.gif
2024-06-07 13:11:30,336 - main - INFO - Automatically deleted image file: temp_images/test_29560107062024.ico
2024-06-07 13:11:30,336 - main - INFO - Automatically deleted image file: temp_images/test_29560107062024.jpeg
2024-06-07 13:11:30,337 - main - INFO - Automatically deleted image file: temp_images/test_29560107062024.pcx
2024-06-07 13:11:30,337 - main - INFO - Automatically deleted image file: temp_images/test_29560107062024.png
2024-06-07 13:11:30,337 - main - INFO - Automatically deleted image file: temp_images/test_23580107062024.sgi
2024-06-07 13:11:30,337 - main - INFO - Automatically deleted image file: temp_images/test_23580107062024.tiff
2024-06-07 13:11:30,337 - main - INFO - Automatically deleted image file: temp_images/test_23580107062024.webp
2024-06-07 13:11:30,337 - main - INFO - Automatically deleted image file: temp_images/test_24580107062024.bmp
2024-06-07 13:11:30,338 - main - INFO - Automatically deleted image file: temp_images/test_24580107062024.gif
2024-06-07 13:11:30,338 - main - INFO - Automatically deleted image file: temp_images/test_24580107062024.ico
2024-06-07 13:11:30,338 - main - INFO - Automatically deleted image file: temp_images/test_24580107062024.jpeg
2024-06-07 13:11:30,338 - main - INFO - Automatically deleted image file: temp_images/test_24580107062024.pcx
2024-06-07 13:11:30,338 - main - INFO - Automatically deleted image file: temp_images/test_24580107062024.png
2024-06-07 13:11:30,338 - main - INFO - Automatically deleted image file: temp_images/test_24580107062024.ppm
2024-06-07 13:11:30,338 - main - INFO - Automatically deleted image file: temp_images/test_24580107062024.webp
2024-06-07 13:11:30,339 - main - INFO - Automatically deleted image file: temp_images/test_25580107062024.bmp
2024-06-07 13:11:30,339 - main - INFO - Automatically deleted image file: temp_images/test_25580107062024.gif
2024-06-07 13:11:30,339 - main - INFO - Automatically deleted image file: temp_images/test_25580107062024.ico
2024-06-07 13:11:30,339 - main - INFO - Automatically deleted image file: temp_images/test_25580107062024.sgi
2024-06-07 13:11:30,339 - main - INFO - Automatically deleted image file: temp_images/test_25580107062024.tiff
2024-06-07 13:11:30,339 - main - INFO - Automatically deleted image file: temp_images/test_25580107062024.webp
2024-06-07 13:11:30,339 - main - INFO - Automatically deleted image file: temp_images/test_26580107062024.jpeg
2024-06-07 13:11:30,340 - main - INFO - Automatically deleted image file: temp_images/test_26580107062024.png
2024-06-07 13:11:30,340 - main - INFO - Automatically deleted image file: temp_images/test_26580107062024.ppm
2024-06-07 13:11:30,340 - main - INFO - Automatically deleted image file: temp_images/test_27580107062024.sgi
2024-06-07 13:11:30,340 - main - INFO - Automatically deleted image file: temp_images/test_27580107062024.tiff
2024-06-07 13:11:30,340 - main - INFO - Automatically deleted image file: temp_images/test_27580107062024.webp
2024-06-07 13:11:30,340 - main - INFO - Automatically deleted image file: temp_images/test_28560107062024.gif
2024-06-07 13:11:30,340 - main - INFO - Automatically deleted image file: temp_images/test_31560107062024.bmp
2024-06-07 13:11:30,341 - main - INFO - Automatically deleted image file: temp_images/test_31560107062024.ppm
2024-06-07 13:11:30,341 - main - INFO - Automatically deleted image file: temp_images/test_31560107062024.sgi
2024-06-07 13:11:30,341 - main - INFO - Automatically deleted image file: temp_images/test_31560107062024.tiff
2024-06-07 13:11:30,341 - main - INFO - Automatically deleted image file: temp_images/test_31560107062024.webp
2024-06-07 13:11:30,341 - main - INFO - Automatically deleted image file: temp_images/test_31570107062024.bmp
2024-06-07 13:11:30,341 - main - INFO - Automatically deleted image file: temp_images/test_31570107062024.gif
2024-06-07 13:11:30,341 - main - INFO - Automatically deleted image file: temp_images/test_31570107062024.ico
2024-06-07 13:11:30,341 - main - INFO - Automatically deleted image file: temp_images/test_31570107062024.jpeg
2024-06-07 13:11:30,342 - main - INFO - Automatically deleted image file: temp_images/test_31570107062024.pcx
2024-06-07 13:11:30,342 - main - INFO - Automatically deleted image file: temp_images/test_31570107062024.png
2024-06-07 13:11:30,342 - main - INFO - Automatically deleted image file: temp_images/test_31570107062024.webp
2024-06-07 13:11:30,342 - main - INFO - Automatically deleted image file: temp_images/test_31580107062024.gif
2024-06-07 13:11:30,342 - main - INFO - Automatically deleted image file: temp_images/test_31580107062024.ico
2024-06-07 13:11:30,342 - main - INFO - Automatically deleted image file: temp_images/test_32440107062024.gif
2024-06-07 13:11:30,342 - main - INFO - Automatically deleted image file: temp_images/test_32440107062024.ico
